# JRE version: OpenJDK Runtime Environment AdoptOpenJDK (15.0.1+9) (build 15.0.1+9)
# Java VM: OpenJDK 64-Bit Server VM AdoptOpenJDK (15.0.1+9, mixed mode, sharing, tiered, compressed oops, g1 gc, bsd-amd64)
GC Precious Log:
 CPUs: 4 total, 4 available
 Memory: 8192M
 Large Page Support: Disabled
 NUMA Support: Disabled
 Compressed Oops: Enabled (Zero based)
 Heap Region Size: 1M
 Heap Min Capacity: 8M
 Heap Initial Capacity: 128M
 Heap Max Capacity: 2G
 Pre-touch: Disabled
 Parallel Workers: 4
 Concurrent Workers: 1
 Concurrent Refinement Workers: 4
 Periodic GC: Disabled
Heap:
 garbage-first heap   total 150528K, used 80587K [0x0000000780000000, 0x0000000800000000)
  region size 1024K, 2 young (2048K), 1 survivors (1024K)
 Metaspace       used 23995K, capacity 24296K, committed 24752K, reserved 1071104K
  class space    used 2653K, capacity 2733K, committed 2816K, reserved 1048576K
GC Heap History (20 events):
Event: 6.210 GC heap before
{Heap before GC invocations=48 (full 0):
 garbage-first heap   total 88064K, used 40457K [0x0000000780000000, 0x0000000800000000)
  region size 1024K, 6 young (6144K), 1 survivors (1024K)
 Metaspace       used 23736K, capacity 24040K, committed 24496K, reserved 1071104K
  class space    used 2639K, capacity 2733K, committed 2816K, reserved 1048576K
}
Event: 6.210 GC heap after
{Heap after GC invocations=49 (full 0):
 garbage-first heap   total 88064K, used 25100K [0x0000000780000000, 0x0000000800000000)
  region size 1024K, 1 young (1024K), 1 survivors (1024K)
 Metaspace       used 23736K, capacity 24040K, committed 24496K, reserved 1071104K
  class space    used 2639K, capacity 2733K, committed 2816K, reserved 1048576K
}
Event: 6.272 GC heap before
{Heap before GC invocations=50 (full 0):
 garbage-first heap   total 88064K, used 40460K [0x0000000780000000, 0x0000000800000000)
  region size 1024K, 6 young (6144K), 1 survivors (1024K)
 Metaspace       used 23746K, capacity 24040K, committed 24496K, reserved 1071104K
  class space    used 2639K, capacity 2733K, committed 2816K, reserved 1048576K
}
Event: 6.273 GC heap after
{Heap after GC invocations=51 (full 0):
 garbage-first heap   total 106496K, used 25103K [0x0000000780000000, 0x0000000800000000)
  region size 1024K, 1 young (1024K), 1 survivors (1024K)
 Metaspace       used 23746K, capacity 24040K, committed 24496K, reserved 1071104K
  class space    used 2639K, capacity 2733K, committed 2816K, reserved 1048576K
}
Event: 6.386 GC heap before
{Heap before GC invocations=52 (full 0):
 garbage-first heap   total 106496K, used 48655K [0x0000000780000000, 0x0000000800000000)
  region size 1024K, 6 young (6144K), 1 survivors (1024K)
 Metaspace       used 23752K, capacity 24040K, committed 24496K, reserved 1071104K
  class space    used 2639K, capacity 2733K, committed 2816K, reserved 1048576K
}
Event: 6.387 GC heap after
{Heap after GC invocations=53 (full 0):
 garbage-first heap   total 106496K, used 29198K [0x0000000780000000, 0x0000000800000000)
  region size 1024K, 1 young (1024K), 1 survivors (1024K)
 Metaspace       used 23752K, capacity 24040K, committed 24496K, reserved 1071104K
  class space    used 2639K, capacity 2733K, committed 2816K, reserved 1048576K
}
Event: 6.507 GC heap before
{Heap before GC invocations=54 (full 0):
 garbage-first heap   total 106496K, used 50702K [0x0000000780000000, 0x0000000800000000)
  region size 1024K, 9 young (9216K), 1 survivors (1024K)
 Metaspace       used 23761K, capacity 24040K, committed 24496K, reserved 1071104K
  class space    used 2639K, capacity 2733K, committed 2816K, reserved 1048576K
}
Event: 6.507 GC heap after
{Heap after GC invocations=55 (full 0):
 garbage-first heap   total 106496K, used 25120K [0x0000000780000000, 0x0000000800000000)
  region size 1024K, 1 young (1024K), 1 survivors (1024K)
 Metaspace       used 23761K, capacity 24040K, committed 24496K, reserved 1071104K
  class space    used 2639K, capacity 2733K, committed 2816K, reserved 1048576K
}
Event: 6.638 GC heap before
{Heap before GC invocations=56 (full 0):
 garbage-first heap   total 106496K, used 48672K [0x0000000780000000, 0x0000000800000000)
  region size 1024K, 6 young (6144K), 1 survivors (1024K)
 Metaspace       used 23778K, capacity 24104K, committed 24752K, reserved 1071104K
  class space    used 2639K, capacity 2733K, committed 2816K, reserved 1048576K
}
Event: 6.638 GC heap after
{Heap after GC invocations=57 (full 0):
 garbage-first heap   total 106496K, used 29215K [0x0000000780000000, 0x0000000800000000)
  region size 1024K, 1 young (1024K), 1 survivors (1024K)
 Metaspace       used 23778K, capacity 24104K, committed 24752K, reserved 1071104K
  class space    used 2639K, capacity 2733K, committed 2816K, reserved 1048576K
}
Event: 6.748 GC heap before
{Heap before GC invocations=58 (full 0):
 garbage-first heap   total 106496K, used 50719K [0x0000000780000000, 0x0000000800000000)
  region size 1024K, 9 young (9216K), 1 survivors (1024K)
 Metaspace       used 23792K, capacity 24104K, committed 24752K, reserved 1071104K
  class space    used 2639K, capacity 2733K, committed 2816K, reserved 1048576K
}
Event: 6.749 GC heap after
{Heap after GC invocations=59 (full 0):
 garbage-first heap   total 106496K, used 25131K [0x0000000780000000, 0x0000000800000000)
  region size 1024K, 1 young (1024K), 1 survivors (1024K)
 Metaspace       used 23792K, capacity 24104K, committed 24752K, reserved 1071104K
  class space    used 2639K, capacity 2733K, committed 2816K, reserved 1048576K
}
Event: 6.882 GC heap before
{Heap before GC invocations=60 (full 0):
 garbage-first heap   total 106496K, used 48683K [0x0000000780000000, 0x0000000800000000)
  region size 1024K, 6 young (6144K), 1 survivors (1024K)
 Metaspace       used 23804K, capacity 24104K, committed 24752K, reserved 1071104K
  class space    used 2639K, capacity 2733K, committed 2816K, reserved 1048576K
}
Event: 6.883 GC heap after
{Heap after GC invocations=61 (full 0):
 garbage-first heap   total 106496K, used 29221K [0x0000000780000000, 0x0000000800000000)
  region size 1024K, 1 young (1024K), 1 survivors (1024K)
 Metaspace       used 23804K, capacity 24104K, committed 24752K, reserved 1071104K
  class space    used 2639K, capacity 2733K, committed 2816K, reserved 1048576K
}
Event: 7.002 GC heap before
{Heap before GC invocations=62 (full 0):
 garbage-first heap   total 106496K, used 50725K [0x0000000780000000, 0x0000000800000000)
  region size 1024K, 9 young (9216K), 1 survivors (1024K)
 Metaspace       used 23822K, capacity 24104K, committed 24752K, reserved 1071104K
  class space    used 2639K, capacity 2733K, committed 2816K, reserved 1048576K
}
Event: 7.003 GC heap after
{Heap after GC invocations=63 (full 0):
 garbage-first heap   total 106496K, used 25140K [0x0000000780000000, 0x0000000800000000)
  region size 1024K, 1 young (1024K), 1 survivors (1024K)
 Metaspace       used 23822K, capacity 24104K, committed 24752K, reserved 1071104K
  class space    used 2639K, capacity 2733K, committed 2816K, reserved 1048576K
}
Event: 7.550 GC heap before
{Heap before GC invocations=64 (full 0):
 garbage-first heap   total 106496K, used 48692K [0x0000000780000000, 0x0000000800000000)
  region size 1024K, 6 young (6144K), 1 survivors (1024K)
 Metaspace       used 23895K, capacity 24168K, committed 24752K, reserved 1071104K
  class space    used 2648K, capacity 2733K, committed 2816K, reserved 1048576K
}
Event: 7.567 GC heap after
{Heap after GC invocations=65 (full 0):
 garbage-first heap   total 106496K, used 33453K [0x0000000780000000, 0x0000000800000000)
  region size 1024K, 1 young (1024K), 1 survivors (1024K)
 Metaspace       used 23895K, capacity 24168K, committed 24752K, reserved 1071104K
  class space    used 2648K, capacity 2733K, committed 2816K, reserved 1048576K
}
Event: 7.932 GC heap before
{Heap before GC invocations=66 (full 0):
 garbage-first heap   total 150528K, used 87725K [0x0000000780000000, 0x0000000800000000)
  region size 1024K, 3 young (3072K), 1 survivors (1024K)
 Metaspace       used 23994K, capacity 24296K, committed 24752K, reserved 1071104K
  class space    used 2653K, capacity 2733K, committed 2816K, reserved 1048576K
}
Event: 7.933 GC heap after
{Heap after GC invocations=67 (full 0):
 garbage-first heap   total 150528K, used 78539K [0x0000000780000000, 0x0000000800000000)
  region size 1024K, 1 young (1024K), 1 survivors (1024K)
 Metaspace       used 23994K, capacity 24296K, committed 24752K, reserved 1071104K
  class space    used 2653K, capacity 2733K, committed 2816K, reserved 1048576K
}

