# JRE version: OpenJDK Runtime Environment AdoptOpenJDK (15.0.1+9) (build 15.0.1+9)
# Java VM: OpenJDK 64-Bit Server VM AdoptOpenJDK (15.0.1+9, mixed mode, sharing, tiered, compressed oops, g1 gc, bsd-amd64)
GC Precious Log:
 CPUs: 4 total, 4 available
 Memory: 8192M
 Large Page Support: Disabled
 NUMA Support: Disabled
 Compressed Oops: Enabled (Zero based)
 Heap Region Size: 1M
 Heap Min Capacity: 8M
 Heap Initial Capacity: 128M
 Heap Max Capacity: 2G
 Pre-touch: Disabled
 Parallel Workers: 4
 Concurrent Workers: 1
 Concurrent Refinement Workers: 4
 Periodic GC: Disabled
Heap:
 garbage-first heap   total 150528K, used 82923K [0x0000000780000000, 0x0000000800000000)
  region size 1024K, 2 young (2048K), 1 survivors (1024K)
 Metaspace       used 24261K, capacity 24502K, committed 25008K, reserved 1071104K
  class space    used 2676K, capacity 2737K, committed 2816K, reserved 1048576K
GC Heap History (20 events):
Event: 12.426 GC heap before
{Heap before GC invocations=128 (full 0):
 garbage-first heap   total 244736K, used 112538K [0x0000000780000000, 0x0000000800000000)
  region size 1024K, 9 young (9216K), 1 survivors (1024K)
 Metaspace       used 24042K, capacity 24310K, committed 24752K, reserved 1071104K
  class space    used 2673K, capacity 2737K, committed 2816K, reserved 1048576K
}
Event: 12.427 GC heap after
{Heap after GC invocations=129 (full 0):
 garbage-first heap   total 244736K, used 82843K [0x0000000780000000, 0x0000000800000000)
  region size 1024K, 1 young (1024K), 1 survivors (1024K)
 Metaspace       used 24042K, capacity 24310K, committed 24752K, reserved 1071104K
  class space    used 2673K, capacity 2737K, committed 2816K, reserved 1048576K
}
Event: 12.626 GC heap before
{Heap before GC invocations=130 (full 0):
 garbage-first heap   total 244736K, used 113563K [0x0000000780000000, 0x0000000800000000)
  region size 1024K, 10 young (10240K), 1 survivors (1024K)
 Metaspace       used 24056K, capacity 24310K, committed 24752K, reserved 1071104K
  class space    used 2673K, capacity 2737K, committed 2816K, reserved 1048576K
}
Event: 12.627 GC heap after
{Heap after GC invocations=131 (full 0):
 garbage-first heap   total 244736K, used 82944K [0x0000000780000000, 0x0000000800000000)
  region size 1024K, 1 young (1024K), 1 survivors (1024K)
 Metaspace       used 24056K, capacity 24310K, committed 24752K, reserved 1071104K
  class space    used 2673K, capacity 2737K, committed 2816K, reserved 1048576K
}
Event: 12.837 GC heap before
{Heap before GC invocations=132 (full 0):
 garbage-first heap   total 244736K, used 112640K [0x0000000780000000, 0x0000000800000000)
  region size 1024K, 9 young (9216K), 1 survivors (1024K)
 Metaspace       used 24066K, capacity 24310K, committed 24752K, reserved 1071104K
  class space    used 2673K, capacity 2737K, committed 2816K, reserved 1048576K
}
Event: 12.838 GC heap after
{Heap after GC invocations=133 (full 0):
 garbage-first heap   total 244736K, used 82936K [0x0000000780000000, 0x0000000800000000)
  region size 1024K, 1 young (1024K), 1 survivors (1024K)
 Metaspace       used 24066K, capacity 24310K, committed 24752K, reserved 1071104K
  class space    used 2673K, capacity 2737K, committed 2816K, reserved 1048576K
}
Event: 12.995 GC heap before
{Heap before GC invocations=134 (full 0):
 garbage-first heap   total 244736K, used 113656K [0x0000000780000000, 0x0000000800000000)
  region size 1024K, 10 young (10240K), 1 survivors (1024K)
 Metaspace       used 24115K, capacity 24374K, committed 25008K, reserved 1071104K
  class space    used 2673K, capacity 2737K, committed 2816K, reserved 1048576K
}
Event: 12.996 GC heap after
{Heap after GC invocations=135 (full 0):
 garbage-first heap   total 244736K, used 29604K [0x0000000780000000, 0x0000000800000000)
  region size 1024K, 1 young (1024K), 1 survivors (1024K)
 Metaspace       used 24115K, capacity 24374K, committed 25008K, reserved 1071104K
  class space    used 2673K, capacity 2737K, committed 2816K, reserved 1048576K
}
Event: 13.205 GC heap before
{Heap before GC invocations=136 (full 0):
 garbage-first heap   total 133120K, used 66468K [0x0000000780000000, 0x0000000800000000)
  region size 1024K, 13 young (13312K), 1 survivors (1024K)
 Metaspace       used 24134K, capacity 24374K, committed 25008K, reserved 1071104K
  class space    used 2673K, capacity 2737K, committed 2816K, reserved 1048576K
}
Event: 13.206 GC heap after
{Heap after GC invocations=137 (full 0):
 garbage-first heap   total 133120K, used 29611K [0x0000000780000000, 0x0000000800000000)
  region size 1024K, 1 young (1024K), 1 survivors (1024K)
 Metaspace       used 24134K, capacity 24374K, committed 25008K, reserved 1071104K
  class space    used 2673K, capacity 2737K, committed 2816K, reserved 1048576K
}
Event: 13.375 GC heap before
{Heap before GC invocations=138 (full 0):
 garbage-first heap   total 133120K, used 59307K [0x0000000780000000, 0x0000000800000000)
  region size 1024K, 9 young (9216K), 1 survivors (1024K)
 Metaspace       used 24179K, capacity 24438K, committed 25008K, reserved 1071104K
  class space    used 2673K, capacity 2737K, committed 2816K, reserved 1048576K
}
Event: 13.376 GC heap after
{Heap after GC invocations=139 (full 0):
 garbage-first heap   total 133120K, used 29603K [0x0000000780000000, 0x0000000800000000)
  region size 1024K, 1 young (1024K), 1 survivors (1024K)
 Metaspace       used 24179K, capacity 24438K, committed 25008K, reserved 1071104K
  class space    used 2673K, capacity 2737K, committed 2816K, reserved 1048576K
}
Event: 13.536 GC heap before
{Heap before GC invocations=140 (full 0):
 garbage-first heap   total 133120K, used 59299K [0x0000000780000000, 0x0000000800000000)
  region size 1024K, 9 young (9216K), 1 survivors (1024K)
 Metaspace       used 24209K, capacity 24438K, committed 25008K, reserved 1071104K
  class space    used 2673K, capacity 2737K, committed 2816K, reserved 1048576K
}
Event: 13.537 GC heap after
{Heap after GC invocations=141 (full 0):
 garbage-first heap   total 133120K, used 29607K [0x0000000780000000, 0x0000000800000000)
  region size 1024K, 1 young (1024K), 1 survivors (1024K)
 Metaspace       used 24209K, capacity 24438K, committed 25008K, reserved 1071104K
  class space    used 2673K, capacity 2737K, committed 2816K, reserved 1048576K
}
Event: 13.692 GC heap before
{Heap before GC invocations=142 (full 0):
 garbage-first heap   total 133120K, used 59303K [0x0000000780000000, 0x0000000800000000)
  region size 1024K, 9 young (9216K), 1 survivors (1024K)
 Metaspace       used 24219K, capacity 24502K, committed 25008K, reserved 1071104K
  class space    used 2673K, capacity 2737K, committed 2816K, reserved 1048576K
}
Event: 13.693 GC heap after
{Heap after GC invocations=143 (full 0):
 garbage-first heap   total 133120K, used 29608K [0x0000000780000000, 0x0000000800000000)
  region size 1024K, 1 young (1024K), 1 survivors (1024K)
 Metaspace       used 24219K, capacity 24502K, committed 25008K, reserved 1071104K
  class space    used 2673K, capacity 2737K, committed 2816K, reserved 1048576K
}
Event: 13.865 GC heap before
{Heap before GC invocations=144 (full 0):
 garbage-first heap   total 133120K, used 59304K [0x0000000780000000, 0x0000000800000000)
  region size 1024K, 9 young (9216K), 1 survivors (1024K)
 Metaspace       used 24231K, capacity 24502K, committed 25008K, reserved 1071104K
  class space    used 2673K, capacity 2737K, committed 2816K, reserved 1048576K
}
Event: 13.865 GC heap after
{Heap after GC invocations=145 (full 0):
 garbage-first heap   total 133120K, used 29608K [0x0000000780000000, 0x0000000800000000)
  region size 1024K, 1 young (1024K), 1 survivors (1024K)
 Metaspace       used 24231K, capacity 24502K, committed 25008K, reserved 1071104K
  class space    used 2673K, capacity 2737K, committed 2816K, reserved 1048576K
}
Event: 14.544 GC heap before
{Heap before GC invocations=146 (full 0):
 garbage-first heap   total 133120K, used 53160K [0x0000000780000000, 0x0000000800000000)
  region size 1024K, 6 young (6144K), 1 survivors (1024K)
 Metaspace       used 24254K, capacity 24502K, committed 25008K, reserved 1071104K
  class space    used 2675K, capacity 2737K, committed 2816K, reserved 1048576K
}
Event: 14.545 GC heap after
{Heap after GC invocations=147 (full 0):
 garbage-first heap   total 133120K, used 29675K [0x0000000780000000, 0x0000000800000000)
  region size 1024K, 1 young (1024K), 1 survivors (1024K)
 Metaspace       used 24254K, capacity 24502K, committed 25008K, reserved 1071104K
  class space    used 2675K, capacity 2737K, committed 2816K, reserved 1048576K
}

