# JRE version: OpenJDK Runtime Environment AdoptOpenJDK (15.0.1+9) (build 15.0.1+9)
# Java VM: OpenJDK 64-Bit Server VM AdoptOpenJDK (15.0.1+9, mixed mode, sharing, tiered, compressed oops, g1 gc, bsd-amd64)
GC Precious Log:
 CPUs: 4 total, 4 available
 Memory: 8192M
 Large Page Support: Disabled
 NUMA Support: Disabled
 Compressed Oops: Enabled (Zero based)
 Heap Region Size: 1M
 Heap Min Capacity: 8M
 Heap Initial Capacity: 128M
 Heap Max Capacity: 2G
 Pre-touch: Disabled
 Parallel Workers: 4
 Concurrent Workers: 1
 Concurrent Refinement Workers: 4
 Periodic GC: Disabled
Heap:
 garbage-first heap   total 113664K, used 49364K [0x0000000780000000, 0x0000000800000000)
  region size 1024K, 6 young (6144K), 1 survivors (1024K)
 Metaspace       used 23886K, capacity 24192K, committed 24752K, reserved 1071104K
  class space    used 2650K, capacity 2741K, committed 2816K, reserved 1048576K
GC Heap History (20 events):
Event: 6.018 GC heap before
{Heap before GC invocations=32 (full 0):
 garbage-first heap   total 61440K, used 31836K [0x0000000780000000, 0x0000000800000000)
  region size 1024K, 6 young (6144K), 1 survivors (1024K)
 Metaspace       used 23665K, capacity 23976K, committed 24496K, reserved 1071104K
  class space    used 2639K, capacity 2733K, committed 2816K, reserved 1048576K
}
Event: 6.020 GC heap after
{Heap after GC invocations=33 (full 0):
 garbage-first heap   total 61440K, used 21654K [0x0000000780000000, 0x0000000800000000)
  region size 1024K, 1 young (1024K), 1 survivors (1024K)
 Metaspace       used 23665K, capacity 23976K, committed 24496K, reserved 1071104K
  class space    used 2639K, capacity 2733K, committed 2816K, reserved 1048576K
}
Event: 6.045 GC heap before
{Heap before GC invocations=34 (full 0):
 garbage-first heap   total 61440K, used 30870K [0x0000000780000000, 0x0000000800000000)
  region size 1024K, 3 young (3072K), 1 survivors (1024K)
 Metaspace       used 23671K, capacity 23976K, committed 24496K, reserved 1071104K
  class space    used 2639K, capacity 2733K, committed 2816K, reserved 1048576K
}
Event: 6.047 GC heap after
{Heap after GC invocations=35 (full 0):
 garbage-first heap   total 77824K, used 25761K [0x0000000780000000, 0x0000000800000000)
  region size 1024K, 1 young (1024K), 1 survivors (1024K)
 Metaspace       used 23671K, capacity 23976K, committed 24496K, reserved 1071104K
  class space    used 2639K, capacity 2733K, committed 2816K, reserved 1048576K
}
Event: 6.088 GC heap before
{Heap before GC invocations=36 (full 0):
 garbage-first heap   total 77824K, used 36001K [0x0000000780000000, 0x0000000800000000)
  region size 1024K, 6 young (6144K), 1 survivors (1024K)
 Metaspace       used 23671K, capacity 23976K, committed 24496K, reserved 1071104K
  class space    used 2639K, capacity 2733K, committed 2816K, reserved 1048576K
}
Event: 6.090 GC heap after
{Heap after GC invocations=37 (full 0):
 garbage-first heap   total 77824K, used 25799K [0x0000000780000000, 0x0000000800000000)
  region size 1024K, 1 young (1024K), 1 survivors (1024K)
 Metaspace       used 23671K, capacity 23976K, committed 24496K, reserved 1071104K
  class space    used 2639K, capacity 2733K, committed 2816K, reserved 1048576K
}
Event: 6.164 GC heap before
{Heap before GC invocations=38 (full 0):
 garbage-first heap   total 77824K, used 36039K [0x0000000780000000, 0x0000000800000000)
  region size 1024K, 6 young (6144K), 1 survivors (1024K)
 Metaspace       used 23673K, capacity 23976K, committed 24496K, reserved 1071104K
  class space    used 2639K, capacity 2733K, committed 2816K, reserved 1048576K
}
Event: 6.165 GC heap after
{Heap after GC invocations=39 (full 0):
 garbage-first heap   total 77824K, used 25787K [0x0000000780000000, 0x0000000800000000)
  region size 1024K, 1 young (1024K), 1 survivors (1024K)
 Metaspace       used 23673K, capacity 23976K, committed 24496K, reserved 1071104K
  class space    used 2639K, capacity 2733K, committed 2816K, reserved 1048576K
}
Event: 6.212 GC heap before
{Heap before GC invocations=40 (full 0):
 garbage-first heap   total 77824K, used 35003K [0x0000000780000000, 0x0000000800000000)
  region size 1024K, 3 young (3072K), 1 survivors (1024K)
 Metaspace       used 23676K, capacity 23976K, committed 24496K, reserved 1071104K
  class space    used 2639K, capacity 2733K, committed 2816K, reserved 1048576K
}
Event: 6.212 GC heap after
{Heap after GC invocations=41 (full 0):
 garbage-first heap   total 77824K, used 25772K [0x0000000780000000, 0x0000000800000000)
  region size 1024K, 1 young (1024K), 1 survivors (1024K)
 Metaspace       used 23676K, capacity 23976K, committed 24496K, reserved 1071104K
  class space    used 2639K, capacity 2733K, committed 2816K, reserved 1048576K
}
Event: 6.254 GC heap before
{Heap before GC invocations=42 (full 0):
 garbage-first heap   total 77824K, used 37036K [0x0000000780000000, 0x0000000800000000)
  region size 1024K, 6 young (6144K), 1 survivors (1024K)
 Metaspace       used 23681K, capacity 23976K, committed 24496K, reserved 1071104K
  class space    used 2639K, capacity 2733K, committed 2816K, reserved 1048576K
}
Event: 6.255 GC heap after
{Heap after GC invocations=43 (full 0):
 garbage-first heap   total 94208K, used 25786K [0x0000000780000000, 0x0000000800000000)
  region size 1024K, 1 young (1024K), 1 survivors (1024K)
 Metaspace       used 23681K, capacity 23976K, committed 24496K, reserved 1071104K
  class space    used 2639K, capacity 2733K, committed 2816K, reserved 1048576K
}
Event: 6.338 GC heap before
{Heap before GC invocations=44 (full 0):
 garbage-first heap   total 94208K, used 41146K [0x0000000780000000, 0x0000000800000000)
  region size 1024K, 6 young (6144K), 1 survivors (1024K)
 Metaspace       used 23697K, capacity 23976K, committed 24496K, reserved 1071104K
  class space    used 2639K, capacity 2733K, committed 2816K, reserved 1048576K
}
Event: 6.338 GC heap after
{Heap after GC invocations=45 (full 0):
 garbage-first heap   total 94208K, used 29877K [0x0000000780000000, 0x0000000800000000)
  region size 1024K, 1 young (1024K), 1 survivors (1024K)
 Metaspace       used 23697K, capacity 23976K, committed 24496K, reserved 1071104K
  class space    used 2639K, capacity 2733K, committed 2816K, reserved 1048576K
}
Event: 6.408 GC heap before
{Heap before GC invocations=46 (full 0):
 garbage-first heap   total 94208K, used 41141K [0x0000000780000000, 0x0000000800000000)
  region size 1024K, 6 young (6144K), 1 survivors (1024K)
 Metaspace       used 23729K, capacity 24040K, committed 24496K, reserved 1071104K
  class space    used 2639K, capacity 2733K, committed 2816K, reserved 1048576K
}
Event: 6.408 GC heap after
{Heap after GC invocations=47 (full 0):
 garbage-first heap   total 94208K, used 25786K [0x0000000780000000, 0x0000000800000000)
  region size 1024K, 1 young (1024K), 1 survivors (1024K)
 Metaspace       used 23729K, capacity 24040K, committed 24496K, reserved 1071104K
  class space    used 2639K, capacity 2733K, committed 2816K, reserved 1048576K
}
Event: 6.495 GC heap before
{Heap before GC invocations=48 (full 0):
 garbage-first heap   total 94208K, used 41146K [0x0000000780000000, 0x0000000800000000)
  region size 1024K, 6 young (6144K), 1 survivors (1024K)
 Metaspace       used 23738K, capacity 24040K, committed 24496K, reserved 1071104K
  class space    used 2639K, capacity 2733K, committed 2816K, reserved 1048576K
}
Event: 6.496 GC heap after
{Heap after GC invocations=49 (full 0):
 garbage-first heap   total 94208K, used 25785K [0x0000000780000000, 0x0000000800000000)
  region size 1024K, 1 young (1024K), 1 survivors (1024K)
 Metaspace       used 23738K, capacity 24040K, committed 24496K, reserved 1071104K
  class space    used 2639K, capacity 2733K, committed 2816K, reserved 1048576K
}
Event: 6.597 GC heap before
{Heap before GC invocations=50 (full 0):
 garbage-first heap   total 94208K, used 41145K [0x0000000780000000, 0x0000000800000000)
  region size 1024K, 6 young (6144K), 1 survivors (1024K)
 Metaspace       used 23811K, capacity 24128K, committed 24496K, reserved 1071104K
  class space    used 2648K, capacity 2741K, committed 2816K, reserved 1048576K
}
Event: 6.601 GC heap after
{Heap after GC invocations=51 (full 0):
 garbage-first heap   total 113664K, used 25812K [0x0000000780000000, 0x0000000800000000)
  region size 1024K, 1 young (1024K), 1 survivors (1024K)
 Metaspace       used 23811K, capacity 24128K, committed 24496K, reserved 1071104K
  class space    used 2648K, capacity 2741K, committed 2816K, reserved 1048576K
}

