# JRE version: OpenJDK Runtime Environment AdoptOpenJDK (15.0.1+9) (build 15.0.1+9)
# Java VM: OpenJDK 64-Bit Server VM AdoptOpenJDK (15.0.1+9, mixed mode, sharing, tiered, compressed oops, g1 gc, bsd-amd64)
GC Precious Log:
 CPUs: 4 total, 4 available
 Memory: 8192M
 Large Page Support: Disabled
 NUMA Support: Disabled
 Compressed Oops: Enabled (Zero based)
 Heap Region Size: 1M
 Heap Min Capacity: 8M
 Heap Initial Capacity: 128M
 Heap Max Capacity: 2G
 Pre-touch: Disabled
 Parallel Workers: 4
 Concurrent Workers: 1
 Concurrent Refinement Workers: 4
 Periodic GC: Disabled
Heap:
 garbage-first heap   total 199680K, used 90199K [0x0000000780000000, 0x0000000800000000)
  region size 1024K, 3 young (3072K), 1 survivors (1024K)
 Metaspace       used 23989K, capacity 24256K, committed 24752K, reserved 1071104K
  class space    used 2659K, capacity 2741K, committed 2816K, reserved 1048576K
GC Heap History (20 events):
Event: 7.190 GC heap before
{Heap before GC invocations=68 (full 0):
 garbage-first heap   total 120832K, used 53968K [0x0000000780000000, 0x0000000800000000)
  region size 1024K, 8 young (8192K), 1 survivors (1024K)
 Metaspace       used 23769K, capacity 23990K, committed 24496K, reserved 1071104K
  class space    used 2640K, capacity 2739K, committed 2816K, reserved 1048576K
}
Event: 7.191 GC heap after
{Heap after GC invocations=69 (full 0):
 garbage-first heap   total 120832K, used 32603K [0x0000000780000000, 0x0000000800000000)
  region size 1024K, 1 young (1024K), 1 survivors (1024K)
 Metaspace       used 23769K, capacity 23990K, committed 24496K, reserved 1071104K
  class space    used 2640K, capacity 2739K, committed 2816K, reserved 1048576K
}
Event: 7.526 GC heap before
{Heap before GC invocations=70 (full 0):
 garbage-first heap   total 165888K, used 102235K [0x0000000780000000, 0x0000000800000000)
  region size 1024K, 7 young (7168K), 1 survivors (1024K)
 Metaspace       used 23784K, capacity 23990K, committed 24496K, reserved 1071104K
  class space    used 2640K, capacity 2739K, committed 2816K, reserved 1048576K
}
Event: 7.527 GC heap after
{Heap after GC invocations=71 (full 0):
 garbage-first heap   total 165888K, used 78744K [0x0000000780000000, 0x0000000800000000)
  region size 1024K, 1 young (1024K), 1 survivors (1024K)
 Metaspace       used 23784K, capacity 23990K, committed 24496K, reserved 1071104K
  class space    used 2640K, capacity 2739K, committed 2816K, reserved 1048576K
}
Event: 7.638 GC heap before
{Heap before GC invocations=72 (full 0):
 garbage-first heap   total 165888K, used 93080K [0x0000000780000000, 0x0000000800000000)
  region size 1024K, 5 young (5120K), 1 survivors (1024K)
 Metaspace       used 23923K, capacity 24192K, committed 24496K, reserved 1071104K
  class space    used 2656K, capacity 2741K, committed 2816K, reserved 1048576K
}
Event: 7.640 GC heap after
{Heap after GC invocations=73 (full 0):
 garbage-first heap   total 165888K, used 81996K [0x0000000780000000, 0x0000000800000000)
  region size 1024K, 1 young (1024K), 1 survivors (1024K)
 Metaspace       used 23923K, capacity 24192K, committed 24496K, reserved 1071104K
  class space    used 2656K, capacity 2741K, committed 2816K, reserved 1048576K
}
Event: 7.688 GC heap before
{Heap before GC invocations=74 (full 0):
 garbage-first heap   total 165888K, used 85068K [0x0000000780000000, 0x0000000800000000)
  region size 1024K, 3 young (3072K), 1 survivors (1024K)
 Metaspace       used 23924K, capacity 24192K, committed 24496K, reserved 1071104K
  class space    used 2656K, capacity 2741K, committed 2816K, reserved 1048576K
}
Event: 7.689 GC heap after
{Heap after GC invocations=75 (full 0):
 garbage-first heap   total 165888K, used 76859K [0x0000000780000000, 0x0000000800000000)
  region size 1024K, 1 young (1024K), 1 survivors (1024K)
 Metaspace       used 23924K, capacity 24192K, committed 24496K, reserved 1071104K
  class space    used 2656K, capacity 2741K, committed 2816K, reserved 1048576K
}
Event: 7.754 GC heap before
{Heap before GC invocations=76 (full 0):
 garbage-first heap   total 165888K, used 86075K [0x0000000780000000, 0x0000000800000000)
  region size 1024K, 3 young (3072K), 1 survivors (1024K)
 Metaspace       used 23933K, capacity 24192K, committed 24496K, reserved 1071104K
  class space    used 2656K, capacity 2741K, committed 2816K, reserved 1048576K
}
Event: 7.757 GC heap after
{Heap after GC invocations=77 (full 0):
 garbage-first heap   total 165888K, used 80963K [0x0000000780000000, 0x0000000800000000)
  region size 1024K, 1 young (1024K), 1 survivors (1024K)
 Metaspace       used 23933K, capacity 24192K, committed 24496K, reserved 1071104K
  class space    used 2656K, capacity 2741K, committed 2816K, reserved 1048576K
}
Event: 7.878 GC heap before
{Heap before GC invocations=78 (full 0):
 garbage-first heap   total 165888K, used 87107K [0x0000000780000000, 0x0000000800000000)
  region size 1024K, 5 young (5120K), 1 survivors (1024K)
 Metaspace       used 23934K, capacity 24192K, committed 24496K, reserved 1071104K
  class space    used 2656K, capacity 2741K, committed 2816K, reserved 1048576K
}
Event: 7.879 GC heap after
{Heap after GC invocations=79 (full 0):
 garbage-first heap   total 199680K, used 76889K [0x0000000780000000, 0x0000000800000000)
  region size 1024K, 1 young (1024K), 1 survivors (1024K)
 Metaspace       used 23934K, capacity 24192K, committed 24496K, reserved 1071104K
  class space    used 2656K, capacity 2741K, committed 2816K, reserved 1048576K
}
Event: 8.007 GC heap before
{Heap before GC invocations=80 (full 0):
 garbage-first heap   total 199680K, used 92249K [0x0000000780000000, 0x0000000800000000)
  region size 1024K, 6 young (6144K), 1 survivors (1024K)
 Metaspace       used 23936K, capacity 24192K, committed 24496K, reserved 1071104K
  class space    used 2656K, capacity 2741K, committed 2816K, reserved 1048576K
}
Event: 8.010 GC heap after
{Heap after GC invocations=81 (full 0):
 garbage-first heap   total 199680K, used 80970K [0x0000000780000000, 0x0000000800000000)
  region size 1024K, 1 young (1024K), 1 survivors (1024K)
 Metaspace       used 23936K, capacity 24192K, committed 24496K, reserved 1071104K
  class space    used 2656K, capacity 2741K, committed 2816K, reserved 1048576K
}
Event: 8.089 GC heap before
{Heap before GC invocations=82 (full 0):
 garbage-first heap   total 199680K, used 90186K [0x0000000780000000, 0x0000000800000000)
  region size 1024K, 3 young (3072K), 1 survivors (1024K)
 Metaspace       used 23939K, capacity 24192K, committed 24496K, reserved 1071104K
  class space    used 2656K, capacity 2741K, committed 2816K, reserved 1048576K
}
Event: 8.090 GC heap after
{Heap after GC invocations=83 (full 0):
 garbage-first heap   total 199680K, used 80964K [0x0000000780000000, 0x0000000800000000)
  region size 1024K, 1 young (1024K), 1 survivors (1024K)
 Metaspace       used 23939K, capacity 24192K, committed 24496K, reserved 1071104K
  class space    used 2656K, capacity 2741K, committed 2816K, reserved 1048576K
}
Event: 8.184 GC heap before
{Heap before GC invocations=84 (full 0):
 garbage-first heap   total 199680K, used 91204K [0x0000000780000000, 0x0000000800000000)
  region size 1024K, 7 young (7168K), 1 survivors (1024K)
 Metaspace       used 23943K, capacity 24192K, committed 24496K, reserved 1071104K
  class space    used 2656K, capacity 2741K, committed 2816K, reserved 1048576K
}
Event: 8.187 GC heap after
{Heap after GC invocations=85 (full 0):
 garbage-first heap   total 199680K, used 76895K [0x0000000780000000, 0x0000000800000000)
  region size 1024K, 1 young (1024K), 1 survivors (1024K)
 Metaspace       used 23943K, capacity 24192K, committed 24496K, reserved 1071104K
  class space    used 2656K, capacity 2741K, committed 2816K, reserved 1048576K
}
Event: 8.298 GC heap before
{Heap before GC invocations=86 (full 0):
 garbage-first heap   total 199680K, used 92255K [0x0000000780000000, 0x0000000800000000)
  region size 1024K, 6 young (6144K), 1 survivors (1024K)
 Metaspace       used 23947K, capacity 24192K, committed 24496K, reserved 1071104K
  class space    used 2656K, capacity 2741K, committed 2816K, reserved 1048576K
}
Event: 8.299 GC heap after
{Heap after GC invocations=87 (full 0):
 garbage-first heap   total 199680K, used 80983K [0x0000000780000000, 0x0000000800000000)
  region size 1024K, 1 young (1024K), 1 survivors (1024K)
 Metaspace       used 23947K, capacity 24192K, committed 24496K, reserved 1071104K
  class space    used 2656K, capacity 2741K, committed 2816K, reserved 1048576K
}

