# JRE version: OpenJDK Runtime Environment AdoptOpenJDK (15.0.1+9) (build 15.0.1+9)
# Java VM: OpenJDK 64-Bit Server VM AdoptOpenJDK (15.0.1+9, mixed mode, sharing, tiered, compressed oops, g1 gc, bsd-amd64)
GC Precious Log:
 CPUs: 4 total, 4 available
 Memory: 8192M
 Large Page Support: Disabled
 NUMA Support: Disabled
 Compressed Oops: Enabled (Zero based)
 Heap Region Size: 1M
 Heap Min Capacity: 8M
 Heap Initial Capacity: 128M
 Heap Max Capacity: 2G
 Pre-touch: Disabled
 Parallel Workers: 4
 Concurrent Workers: 1
 Concurrent Refinement Workers: 4
 Periodic GC: Disabled
Heap:
 garbage-first heap   total 150528K, used 84711K [0x0000000780000000, 0x0000000800000000)
  region size 1024K, 3 young (3072K), 1 survivors (1024K)
 Metaspace       used 24919K, capacity 25147K, committed 25472K, reserved 1071104K
  class space    used 2804K, capacity 2869K, committed 2944K, reserved 1048576K
GC Heap History (20 events):
Event: 13.963 GC heap before
{Heap before GC invocations=63 (full 0):
 garbage-first heap   total 209920K, used 89588K [0x0000000780000000, 0x0000000800000000)
  region size 1024K, 4 young (4096K), 1 survivors (1024K)
 Metaspace       used 24708K, capacity 24952K, committed 25472K, reserved 1071104K
  class space    used 2802K, capacity 2869K, committed 2944K, reserved 1048576K
}
Event: 13.964 GC heap after
{Heap after GC invocations=64 (full 0):
 garbage-first heap   total 209920K, used 26194K [0x0000000780000000, 0x0000000800000000)
  region size 1024K, 1 young (1024K), 1 survivors (1024K)
 Metaspace       used 24708K, capacity 24952K, committed 25472K, reserved 1071104K
  class space    used 2802K, capacity 2869K, committed 2944K, reserved 1048576K
}
Event: 14.460 GC heap before
{Heap before GC invocations=65 (full 0):
 garbage-first heap   total 209920K, used 94802K [0x0000000780000000, 0x0000000800000000)
  region size 1024K, 6 young (6144K), 1 survivors (1024K)
 Metaspace       used 24714K, capacity 25016K, committed 25472K, reserved 1071104K
  class space    used 2802K, capacity 2869K, committed 2944K, reserved 1048576K
}
Event: 14.461 GC heap after
{Heap after GC invocations=66 (full 0):
 garbage-first heap   total 209920K, used 79575K [0x0000000780000000, 0x0000000800000000)
  region size 1024K, 1 young (1024K), 1 survivors (1024K)
 Metaspace       used 24714K, capacity 25016K, committed 25472K, reserved 1071104K
  class space    used 2802K, capacity 2869K, committed 2944K, reserved 1048576K
}
Event: 14.968 GC heap before
{Heap before GC invocations=67 (full 0):
 garbage-first heap   total 209920K, used 94935K [0x0000000780000000, 0x0000000800000000)
  region size 1024K, 6 young (6144K), 1 survivors (1024K)
 Metaspace       used 24725K, capacity 25016K, committed 25472K, reserved 1071104K
  class space    used 2802K, capacity 2869K, committed 2944K, reserved 1048576K
}
Event: 14.974 GC heap after
{Heap after GC invocations=68 (full 0):
 garbage-first heap   total 209920K, used 79579K [0x0000000780000000, 0x0000000800000000)
  region size 1024K, 1 young (1024K), 1 survivors (1024K)
 Metaspace       used 24725K, capacity 25016K, committed 25472K, reserved 1071104K
  class space    used 2802K, capacity 2869K, committed 2944K, reserved 1048576K
}
Event: 15.456 GC heap before
{Heap before GC invocations=69 (full 0):
 garbage-first heap   total 209920K, used 94939K [0x0000000780000000, 0x0000000800000000)
  region size 1024K, 6 young (6144K), 1 survivors (1024K)
 Metaspace       used 24735K, capacity 25016K, committed 25472K, reserved 1071104K
  class space    used 2802K, capacity 2869K, committed 2944K, reserved 1048576K
}
Event: 15.458 GC heap after
{Heap after GC invocations=70 (full 0):
 garbage-first heap   total 209920K, used 79572K [0x0000000780000000, 0x0000000800000000)
  region size 1024K, 1 young (1024K), 1 survivors (1024K)
 Metaspace       used 24735K, capacity 25016K, committed 25472K, reserved 1071104K
  class space    used 2802K, capacity 2869K, committed 2944K, reserved 1048576K
}
Event: 15.959 GC heap before
{Heap before GC invocations=71 (full 0):
 garbage-first heap   total 209920K, used 94932K [0x0000000780000000, 0x0000000800000000)
  region size 1024K, 6 young (6144K), 1 survivors (1024K)
 Metaspace       used 24736K, capacity 25016K, committed 25472K, reserved 1071104K
  class space    used 2802K, capacity 2869K, committed 2944K, reserved 1048576K
}
Event: 15.963 GC heap after
{Heap after GC invocations=72 (full 0):
 garbage-first heap   total 209920K, used 79575K [0x0000000780000000, 0x0000000800000000)
  region size 1024K, 1 young (1024K), 1 survivors (1024K)
 Metaspace       used 24736K, capacity 25016K, committed 25472K, reserved 1071104K
  class space    used 2802K, capacity 2869K, committed 2944K, reserved 1048576K
}
Event: 16.461 GC heap before
{Heap before GC invocations=73 (full 0):
 garbage-first heap   total 209920K, used 94935K [0x0000000780000000, 0x0000000800000000)
  region size 1024K, 6 young (6144K), 1 survivors (1024K)
 Metaspace       used 24739K, capacity 25016K, committed 25472K, reserved 1071104K
  class space    used 2802K, capacity 2869K, committed 2944K, reserved 1048576K
}
Event: 16.463 GC heap after
{Heap after GC invocations=74 (full 0):
 garbage-first heap   total 209920K, used 26154K [0x0000000780000000, 0x0000000800000000)
  region size 1024K, 1 young (1024K), 1 survivors (1024K)
 Metaspace       used 24739K, capacity 25016K, committed 25472K, reserved 1071104K
  class space    used 2802K, capacity 2869K, committed 2944K, reserved 1048576K
}
Event: 16.981 GC heap before
{Heap before GC invocations=75 (full 0):
 garbage-first heap   total 116736K, used 45610K [0x0000000780000000, 0x0000000800000000)
  region size 1024K, 7 young (7168K), 1 survivors (1024K)
 Metaspace       used 24798K, capacity 25082K, committed 25472K, reserved 1071104K
  class space    used 2802K, capacity 2869K, committed 2944K, reserved 1048576K
}
Event: 16.986 GC heap after
{Heap after GC invocations=76 (full 0):
 garbage-first heap   total 116736K, used 29304K [0x0000000780000000, 0x0000000800000000)
  region size 1024K, 1 young (1024K), 1 survivors (1024K)
 Metaspace       used 24798K, capacity 25082K, committed 25472K, reserved 1071104K
  class space    used 2802K, capacity 2869K, committed 2944K, reserved 1048576K
}
Event: 17.096 GC heap before
{Heap before GC invocations=77 (full 0):
 garbage-first heap   total 148480K, used 85624K [0x0000000780000000, 0x0000000800000000)
  region size 1024K, 5 young (5120K), 1 survivors (1024K)
 Metaspace       used 24801K, capacity 25082K, committed 25472K, reserved 1071104K
  class space    used 2802K, capacity 2869K, committed 2944K, reserved 1048576K
}
Event: 17.097 GC heap after
{Heap after GC invocations=78 (full 0):
 garbage-first heap   total 148480K, used 75488K [0x0000000780000000, 0x0000000800000000)
  region size 1024K, 1 young (1024K), 1 survivors (1024K)
 Metaspace       used 24801K, capacity 25082K, committed 25472K, reserved 1071104K
  class space    used 2802K, capacity 2869K, committed 2944K, reserved 1048576K
}
Event: 17.533 GC heap before
{Heap before GC invocations=79 (full 0):
 garbage-first heap   total 148480K, used 84704K [0x0000000780000000, 0x0000000800000000)
  region size 1024K, 3 young (3072K), 1 survivors (1024K)
 Metaspace       used 24871K, capacity 25147K, committed 25472K, reserved 1071104K
  class space    used 2802K, capacity 2869K, committed 2944K, reserved 1048576K
}
Event: 17.534 GC heap after
{Heap after GC invocations=80 (full 0):
 garbage-first heap   total 148480K, used 79576K [0x0000000780000000, 0x0000000800000000)
  region size 1024K, 1 young (1024K), 1 survivors (1024K)
 Metaspace       used 24871K, capacity 25147K, committed 25472K, reserved 1071104K
  class space    used 2802K, capacity 2869K, committed 2944K, reserved 1048576K
}
Event: 17.593 GC heap before
{Heap before GC invocations=81 (full 0):
 garbage-first heap   total 148480K, used 85720K [0x0000000780000000, 0x0000000800000000)
  region size 1024K, 5 young (5120K), 1 survivors (1024K)
 Metaspace       used 24874K, capacity 25147K, committed 25472K, reserved 1071104K
  class space    used 2802K, capacity 2869K, committed 2944K, reserved 1048576K
}
Event: 17.594 GC heap after
{Heap after GC invocations=82 (full 0):
 garbage-first heap   total 148480K, used 75495K [0x0000000780000000, 0x0000000800000000)
  region size 1024K, 1 young (1024K), 1 survivors (1024K)
 Metaspace       used 24874K, capacity 25147K, committed 25472K, reserved 1071104K
  class space    used 2802K, capacity 2869K, committed 2944K, reserved 1048576K
}

