# JRE version: OpenJDK Runtime Environment AdoptOpenJDK (15.0.1+9) (build 15.0.1+9)
# Java VM: OpenJDK 64-Bit Server VM AdoptOpenJDK (15.0.1+9, mixed mode, sharing, tiered, compressed oops, g1 gc, bsd-amd64)
GC Precious Log:
 CPUs: 4 total, 4 available
 Memory: 8192M
 Large Page Support: Disabled
 NUMA Support: Disabled
 Compressed Oops: Enabled (Zero based)
 Heap Region Size: 1M
 Heap Min Capacity: 8M
 Heap Initial Capacity: 128M
 Heap Max Capacity: 2G
 Pre-touch: Disabled
 Parallel Workers: 4
 Concurrent Workers: 1
 Concurrent Refinement Workers: 4
 Periodic GC: Disabled
Heap:
 garbage-first heap   total 199680K, used 90128K [0x0000000780000000, 0x0000000800000000)
  region size 1024K, 3 young (3072K), 1 survivors (1024K)
 Metaspace       used 26425K, capacity 26665K, committed 27264K, reserved 1073152K
  class space    used 2860K, capacity 2943K, committed 2944K, reserved 1048576K
GC Heap History (20 events):
Event: 203.890 GC heap before
{Heap before GC invocations=196 (full 0):
 garbage-first heap   total 165888K, used 95231K [0x0000000780000000, 0x0000000800000000)
  region size 1024K, 6 young (6144K), 1 survivors (1024K)
 Metaspace       used 26364K, capacity 26665K, committed 27264K, reserved 1073152K
  class space    used 2859K, capacity 2943K, committed 2944K, reserved 1048576K
}
Event: 203.892 GC heap after
{Heap after GC invocations=197 (full 0):
 garbage-first heap   total 165888K, used 80897K [0x0000000780000000, 0x0000000800000000)
  region size 1024K, 1 young (1024K), 1 survivors (1024K)
 Metaspace       used 26364K, capacity 26665K, committed 27264K, reserved 1073152K
  class space    used 2859K, capacity 2943K, committed 2944K, reserved 1048576K
}
Event: 203.927 GC heap before
{Heap before GC invocations=198 (full 0):
 garbage-first heap   total 165888K, used 89089K [0x0000000780000000, 0x0000000800000000)
  region size 1024K, 2 young (2048K), 1 survivors (1024K)
 Metaspace       used 26364K, capacity 26665K, committed 27264K, reserved 1073152K
  class space    used 2859K, capacity 2943K, committed 2944K, reserved 1048576K
}
Event: 203.928 GC heap after
{Heap after GC invocations=199 (full 0):
 garbage-first heap   total 165888K, used 80884K [0x0000000780000000, 0x0000000800000000)
  region size 1024K, 1 young (1024K), 1 survivors (1024K)
 Metaspace       used 26364K, capacity 26665K, committed 27264K, reserved 1073152K
  class space    used 2859K, capacity 2943K, committed 2944K, reserved 1048576K
}
Event: 203.982 GC heap before
{Heap before GC invocations=200 (full 0):
 garbage-first heap   total 165888K, used 87028K [0x0000000780000000, 0x0000000800000000)
  region size 1024K, 5 young (5120K), 1 survivors (1024K)
 Metaspace       used 26367K, capacity 26665K, committed 27264K, reserved 1073152K
  class space    used 2859K, capacity 2943K, committed 2944K, reserved 1048576K
}
Event: 203.983 GC heap after
{Heap after GC invocations=201 (full 0):
 garbage-first heap   total 165888K, used 76802K [0x0000000780000000, 0x0000000800000000)
  region size 1024K, 1 young (1024K), 1 survivors (1024K)
 Metaspace       used 26367K, capacity 26665K, committed 27264K, reserved 1073152K
  class space    used 2859K, capacity 2943K, committed 2944K, reserved 1048576K
}
Event: 204.038 GC heap before
{Heap before GC invocations=202 (full 0):
 garbage-first heap   total 165888K, used 92162K [0x0000000780000000, 0x0000000800000000)
  region size 1024K, 6 young (6144K), 1 survivors (1024K)
 Metaspace       used 26368K, capacity 26665K, committed 27264K, reserved 1073152K
  class space    used 2859K, capacity 2943K, committed 2944K, reserved 1048576K
}
Event: 204.039 GC heap after
{Heap after GC invocations=203 (full 0):
 garbage-first heap   total 165888K, used 80904K [0x0000000780000000, 0x0000000800000000)
  region size 1024K, 1 young (1024K), 1 survivors (1024K)
 Metaspace       used 26368K, capacity 26665K, committed 27264K, reserved 1073152K
  class space    used 2859K, capacity 2943K, committed 2944K, reserved 1048576K
}
Event: 204.101 GC heap before
{Heap before GC invocations=204 (full 0):
 garbage-first heap   total 165888K, used 95240K [0x0000000780000000, 0x0000000800000000)
  region size 1024K, 6 young (6144K), 1 survivors (1024K)
 Metaspace       used 26371K, capacity 26665K, committed 27264K, reserved 1073152K
  class space    used 2859K, capacity 2943K, committed 2944K, reserved 1048576K
}
Event: 204.103 GC heap after
{Heap after GC invocations=205 (full 0):
 garbage-first heap   total 165888K, used 80904K [0x0000000780000000, 0x0000000800000000)
  region size 1024K, 1 young (1024K), 1 survivors (1024K)
 Metaspace       used 26371K, capacity 26665K, committed 27264K, reserved 1073152K
  class space    used 2859K, capacity 2943K, committed 2944K, reserved 1048576K
}
Event: 204.173 GC heap before
{Heap before GC invocations=206 (full 0):
 garbage-first heap   total 165888K, used 95240K [0x0000000780000000, 0x0000000800000000)
  region size 1024K, 6 young (6144K), 1 survivors (1024K)
 Metaspace       used 26371K, capacity 26665K, committed 27264K, reserved 1073152K
  class space    used 2859K, capacity 2943K, committed 2944K, reserved 1048576K
}
Event: 204.174 GC heap after
{Heap after GC invocations=207 (full 0):
 garbage-first heap   total 165888K, used 80907K [0x0000000780000000, 0x0000000800000000)
  region size 1024K, 1 young (1024K), 1 survivors (1024K)
 Metaspace       used 26371K, capacity 26665K, committed 27264K, reserved 1073152K
  class space    used 2859K, capacity 2943K, committed 2944K, reserved 1048576K
}
Event: 204.232 GC heap before
{Heap before GC invocations=208 (full 0):
 garbage-first heap   total 165888K, used 95243K [0x0000000780000000, 0x0000000800000000)
  region size 1024K, 6 young (6144K), 1 survivors (1024K)
 Metaspace       used 26372K, capacity 26665K, committed 27264K, reserved 1073152K
  class space    used 2859K, capacity 2943K, committed 2944K, reserved 1048576K
}
Event: 204.233 GC heap after
{Heap after GC invocations=209 (full 0):
 garbage-first heap   total 199680K, used 80908K [0x0000000780000000, 0x0000000800000000)
  region size 1024K, 1 young (1024K), 1 survivors (1024K)
 Metaspace       used 26372K, capacity 26665K, committed 27264K, reserved 1073152K
  class space    used 2859K, capacity 2943K, committed 2944K, reserved 1048576K
}
Event: 204.293 GC heap before
{Heap before GC invocations=210 (full 0):
 garbage-first heap   total 199680K, used 96268K [0x0000000780000000, 0x0000000800000000)
  region size 1024K, 6 young (6144K), 1 survivors (1024K)
 Metaspace       used 26373K, capacity 26665K, committed 27264K, reserved 1073152K
  class space    used 2859K, capacity 2943K, committed 2944K, reserved 1048576K
}
Event: 204.294 GC heap after
{Heap after GC invocations=211 (full 0):
 garbage-first heap   total 199680K, used 80905K [0x0000000780000000, 0x0000000800000000)
  region size 1024K, 1 young (1024K), 1 survivors (1024K)
 Metaspace       used 26373K, capacity 26665K, committed 27264K, reserved 1073152K
  class space    used 2859K, capacity 2943K, committed 2944K, reserved 1048576K
}
Event: 204.366 GC heap before
{Heap before GC invocations=212 (full 0):
 garbage-first heap   total 199680K, used 96265K [0x0000000780000000, 0x0000000800000000)
  region size 1024K, 6 young (6144K), 1 survivors (1024K)
 Metaspace       used 26392K, capacity 26665K, committed 27264K, reserved 1073152K
  class space    used 2859K, capacity 2943K, committed 2944K, reserved 1048576K
}
Event: 204.367 GC heap after
{Heap after GC invocations=213 (full 0):
 garbage-first heap   total 199680K, used 80911K [0x0000000780000000, 0x0000000800000000)
  region size 1024K, 1 young (1024K), 1 survivors (1024K)
 Metaspace       used 26392K, capacity 26665K, committed 27264K, reserved 1073152K
  class space    used 2859K, capacity 2943K, committed 2944K, reserved 1048576K
}
Event: 204.434 GC heap before
{Heap before GC invocations=214 (full 0):
 garbage-first heap   total 199680K, used 96271K [0x0000000780000000, 0x0000000800000000)
  region size 1024K, 6 young (6144K), 1 survivors (1024K)
 Metaspace       used 26395K, capacity 26665K, committed 27264K, reserved 1073152K
  class space    used 2859K, capacity 2943K, committed 2944K, reserved 1048576K
}
Event: 204.435 GC heap after
{Heap after GC invocations=215 (full 0):
 garbage-first heap   total 199680K, used 80912K [0x0000000780000000, 0x0000000800000000)
  region size 1024K, 1 young (1024K), 1 survivors (1024K)
 Metaspace       used 26395K, capacity 26665K, committed 27264K, reserved 1073152K
  class space    used 2859K, capacity 2943K, committed 2944K, reserved 1048576K
}

