# JRE version: OpenJDK Runtime Environment AdoptOpenJDK (15.0.1+9) (build 15.0.1+9)
# Java VM: OpenJDK 64-Bit Server VM AdoptOpenJDK (15.0.1+9, mixed mode, sharing, tiered, compressed oops, g1 gc, bsd-amd64)
GC Precious Log:
 CPUs: 4 total, 4 available
 Memory: 8192M
 Large Page Support: Disabled
 NUMA Support: Disabled
 Compressed Oops: Enabled (Zero based)
 Heap Region Size: 1M
 Heap Min Capacity: 8M
 Heap Initial Capacity: 128M
 Heap Max Capacity: 2G
 Pre-touch: Disabled
 Parallel Workers: 4
 Concurrent Workers: 1
 Concurrent Refinement Workers: 4
 Periodic GC: Disabled
Heap:
 garbage-first heap   total 109568K, used 54738K [0x0000000780000000, 0x0000000800000000)
  region size 1024K, 9 young (9216K), 1 survivors (1024K)
 Metaspace       used 23820K, capacity 24128K, committed 24496K, reserved 1071104K
  class space    used 2650K, capacity 2741K, committed 2816K, reserved 1048576K
GC Heap History (20 events):
Event: 6.112 GC heap before
{Heap before GC invocations=32 (full 0):
 garbage-first heap   total 60416K, used 33178K [0x0000000780000000, 0x0000000800000000)
  region size 1024K, 2 young (2048K), 1 survivors (1024K)
 Metaspace       used 23723K, capacity 23999K, committed 24496K, reserved 1071104K
  class space    used 2648K, capacity 2741K, committed 2816K, reserved 1048576K
}
Event: 6.114 GC heap after
{Heap after GC invocations=33 (full 0):
 garbage-first heap   total 60416K, used 24988K [0x0000000780000000, 0x0000000800000000)
  region size 1024K, 1 young (1024K), 1 survivors (1024K)
 Metaspace       used 23723K, capacity 23999K, committed 24496K, reserved 1071104K
  class space    used 2648K, capacity 2741K, committed 2816K, reserved 1048576K
}
Event: 6.150 GC heap before
{Heap before GC invocations=34 (full 0):
 garbage-first heap   total 60416K, used 31132K [0x0000000780000000, 0x0000000800000000)
  region size 1024K, 5 young (5120K), 1 survivors (1024K)
 Metaspace       used 23723K, capacity 23999K, committed 24496K, reserved 1071104K
  class space    used 2648K, capacity 2741K, committed 2816K, reserved 1048576K
}
Event: 6.152 GC heap after
{Heap after GC invocations=35 (full 0):
 garbage-first heap   total 74752K, used 20924K [0x0000000780000000, 0x0000000800000000)
  region size 1024K, 1 young (1024K), 1 survivors (1024K)
 Metaspace       used 23723K, capacity 23999K, committed 24496K, reserved 1071104K
  class space    used 2648K, capacity 2741K, committed 2816K, reserved 1048576K
}
Event: 6.200 GC heap before
{Heap before GC invocations=36 (full 0):
 garbage-first heap   total 74752K, used 35260K [0x0000000780000000, 0x0000000800000000)
  region size 1024K, 6 young (6144K), 1 survivors (1024K)
 Metaspace       used 23728K, capacity 23999K, committed 24496K, reserved 1071104K
  class space    used 2648K, capacity 2741K, committed 2816K, reserved 1048576K
}
Event: 6.201 GC heap after
{Heap after GC invocations=37 (full 0):
 garbage-first heap   total 74752K, used 25016K [0x0000000780000000, 0x0000000800000000)
  region size 1024K, 1 young (1024K), 1 survivors (1024K)
 Metaspace       used 23728K, capacity 23999K, committed 24496K, reserved 1071104K
  class space    used 2648K, capacity 2741K, committed 2816K, reserved 1048576K
}
Event: 6.277 GC heap before
{Heap before GC invocations=38 (full 0):
 garbage-first heap   total 74752K, used 40376K [0x0000000780000000, 0x0000000800000000)
  region size 1024K, 6 young (6144K), 1 survivors (1024K)
 Metaspace       used 23733K, capacity 23999K, committed 24496K, reserved 1071104K
  class space    used 2648K, capacity 2741K, committed 2816K, reserved 1048576K
}
Event: 6.278 GC heap after
{Heap after GC invocations=39 (full 0):
 garbage-first heap   total 74752K, used 25029K [0x0000000780000000, 0x0000000800000000)
  region size 1024K, 1 young (1024K), 1 survivors (1024K)
 Metaspace       used 23733K, capacity 23999K, committed 24496K, reserved 1071104K
  class space    used 2648K, capacity 2741K, committed 2816K, reserved 1048576K
}
Event: 6.322 GC heap before
{Heap before GC invocations=40 (full 0):
 garbage-first heap   total 74752K, used 40389K [0x0000000780000000, 0x0000000800000000)
  region size 1024K, 6 young (6144K), 1 survivors (1024K)
 Metaspace       used 23737K, capacity 24063K, committed 24496K, reserved 1071104K
  class space    used 2648K, capacity 2741K, committed 2816K, reserved 1048576K
}
Event: 6.323 GC heap after
{Heap after GC invocations=41 (full 0):
 garbage-first heap   total 74752K, used 25022K [0x0000000780000000, 0x0000000800000000)
  region size 1024K, 1 young (1024K), 1 survivors (1024K)
 Metaspace       used 23737K, capacity 24063K, committed 24496K, reserved 1071104K
  class space    used 2648K, capacity 2741K, committed 2816K, reserved 1048576K
}
Event: 6.347 GC heap before
{Heap before GC invocations=42 (full 0):
 garbage-first heap   total 74752K, used 34238K [0x0000000780000000, 0x0000000800000000)
  region size 1024K, 3 young (3072K), 1 survivors (1024K)
 Metaspace       used 23742K, capacity 24063K, committed 24496K, reserved 1071104K
  class space    used 2648K, capacity 2741K, committed 2816K, reserved 1048576K
}
Event: 6.348 GC heap after
{Heap after GC invocations=43 (full 0):
 garbage-first heap   total 90112K, used 25016K [0x0000000780000000, 0x0000000800000000)
  region size 1024K, 1 young (1024K), 1 survivors (1024K)
 Metaspace       used 23742K, capacity 24063K, committed 24496K, reserved 1071104K
  class space    used 2648K, capacity 2741K, committed 2816K, reserved 1048576K
}
Event: 6.401 GC heap before
{Heap before GC invocations=44 (full 0):
 garbage-first heap   total 90112K, used 40376K [0x0000000780000000, 0x0000000800000000)
  region size 1024K, 6 young (6144K), 1 survivors (1024K)
 Metaspace       used 23750K, capacity 24063K, committed 24496K, reserved 1071104K
  class space    used 2648K, capacity 2741K, committed 2816K, reserved 1048576K
}
Event: 6.402 GC heap after
{Heap after GC invocations=45 (full 0):
 garbage-first heap   total 90112K, used 25029K [0x0000000780000000, 0x0000000800000000)
  region size 1024K, 1 young (1024K), 1 survivors (1024K)
 Metaspace       used 23750K, capacity 24063K, committed 24496K, reserved 1071104K
  class space    used 2648K, capacity 2741K, committed 2816K, reserved 1048576K
}
Event: 6.467 GC heap before
{Heap before GC invocations=46 (full 0):
 garbage-first heap   total 90112K, used 40389K [0x0000000780000000, 0x0000000800000000)
  region size 1024K, 6 young (6144K), 1 survivors (1024K)
 Metaspace       used 23774K, capacity 24063K, committed 24496K, reserved 1071104K
  class space    used 2648K, capacity 2741K, committed 2816K, reserved 1048576K
}
Event: 6.468 GC heap after
{Heap after GC invocations=47 (full 0):
 garbage-first heap   total 90112K, used 25029K [0x0000000780000000, 0x0000000800000000)
  region size 1024K, 1 young (1024K), 1 survivors (1024K)
 Metaspace       used 23774K, capacity 24063K, committed 24496K, reserved 1071104K
  class space    used 2648K, capacity 2741K, committed 2816K, reserved 1048576K
}
Event: 6.533 GC heap before
{Heap before GC invocations=48 (full 0):
 garbage-first heap   total 90112K, used 40389K [0x0000000780000000, 0x0000000800000000)
  region size 1024K, 6 young (6144K), 1 survivors (1024K)
 Metaspace       used 23777K, capacity 24064K, committed 24496K, reserved 1071104K
  class space    used 2648K, capacity 2741K, committed 2816K, reserved 1048576K
}
Event: 6.540 GC heap after
{Heap after GC invocations=49 (full 0):
 garbage-first heap   total 90112K, used 25027K [0x0000000780000000, 0x0000000800000000)
  region size 1024K, 1 young (1024K), 1 survivors (1024K)
 Metaspace       used 23777K, capacity 24064K, committed 24496K, reserved 1071104K
  class space    used 2648K, capacity 2741K, committed 2816K, reserved 1048576K
}
Event: 6.650 GC heap before
{Heap before GC invocations=50 (full 0):
 garbage-first heap   total 90112K, used 40387K [0x0000000780000000, 0x0000000800000000)
  region size 1024K, 6 young (6144K), 1 survivors (1024K)
 Metaspace       used 23785K, capacity 24128K, committed 24496K, reserved 1071104K
  class space    used 2648K, capacity 2741K, committed 2816K, reserved 1048576K
}
Event: 6.651 GC heap after
{Heap after GC invocations=51 (full 0):
 garbage-first heap   total 132096K, used 25042K [0x0000000780000000, 0x0000000800000000)
  region size 1024K, 1 young (1024K), 1 survivors (1024K)
 Metaspace       used 23785K, capacity 24128K, committed 24496K, reserved 1071104K
  class space    used 2648K, capacity 2741K, committed 2816K, reserved 1048576K
}

