# JRE version: OpenJDK Runtime Environment AdoptOpenJDK (15.0.1+9) (build 15.0.1+9)
# Java VM: OpenJDK 64-Bit Server VM AdoptOpenJDK (15.0.1+9, mixed mode, sharing, tiered, compressed oops, g1 gc, bsd-amd64)
GC Precious Log:
 CPUs: 4 total, 4 available
 Memory: 8192M
 Large Page Support: Disabled
 NUMA Support: Disabled
 Compressed Oops: Enabled (Zero based)
 Heap Region Size: 1M
 Heap Min Capacity: 8M
 Heap Initial Capacity: 128M
 Heap Max Capacity: 2G
 Pre-touch: Disabled
 Parallel Workers: 4
 Concurrent Workers: 1
 Concurrent Refinement Workers: 4
 Periodic GC: Disabled
Heap:
 garbage-first heap   total 158720K, used 81672K [0x0000000780000000, 0x0000000800000000)
  region size 1024K, 3 young (3072K), 1 survivors (1024K)
 Metaspace       used 24042K, capacity 24320K, committed 25008K, reserved 1071104K
  class space    used 2662K, capacity 2741K, committed 2816K, reserved 1048576K
GC Heap History (20 events):
Event: 7.572 GC heap before
{Heap before GC invocations=56 (full 0):
 garbage-first heap   total 96256K, used 43516K [0x0000000780000000, 0x0000000800000000)
  region size 1024K, 6 young (6144K), 1 survivors (1024K)
 Metaspace       used 23763K, capacity 24061K, committed 24752K, reserved 1071104K
  class space    used 2648K, capacity 2741K, committed 2816K, reserved 1048576K
}
Event: 7.573 GC heap after
{Heap after GC invocations=57 (full 0):
 garbage-first heap   total 115712K, used 29183K [0x0000000780000000, 0x0000000800000000)
  region size 1024K, 1 young (1024K), 1 survivors (1024K)
 Metaspace       used 23763K, capacity 24061K, committed 24752K, reserved 1071104K
  class space    used 2648K, capacity 2741K, committed 2816K, reserved 1048576K
}
Event: 7.716 GC heap before
{Heap before GC invocations=58 (full 0):
 garbage-first heap   total 115712K, used 54783K [0x0000000780000000, 0x0000000800000000)
  region size 1024K, 9 young (9216K), 1 survivors (1024K)
 Metaspace       used 23768K, capacity 24061K, committed 24752K, reserved 1071104K
  class space    used 2648K, capacity 2741K, committed 2816K, reserved 1048576K
}
Event: 7.717 GC heap after
{Heap after GC invocations=59 (full 0):
 garbage-first heap   total 115712K, used 29183K [0x0000000780000000, 0x0000000800000000)
  region size 1024K, 1 young (1024K), 1 survivors (1024K)
 Metaspace       used 23768K, capacity 24061K, committed 24752K, reserved 1071104K
  class space    used 2648K, capacity 2741K, committed 2816K, reserved 1048576K
}
Event: 7.853 GC heap before
{Heap before GC invocations=60 (full 0):
 garbage-first heap   total 115712K, used 51711K [0x0000000780000000, 0x0000000800000000)
  region size 1024K, 6 young (6144K), 1 survivors (1024K)
 Metaspace       used 23782K, capacity 24062K, committed 24752K, reserved 1071104K
  class space    used 2648K, capacity 2741K, committed 2816K, reserved 1048576K
}
Event: 7.854 GC heap after
{Heap after GC invocations=61 (full 0):
 garbage-first heap   total 115712K, used 29175K [0x0000000780000000, 0x0000000800000000)
  region size 1024K, 1 young (1024K), 1 survivors (1024K)
 Metaspace       used 23782K, capacity 24062K, committed 24752K, reserved 1071104K
  class space    used 2648K, capacity 2741K, committed 2816K, reserved 1048576K
}
Event: 7.973 GC heap before
{Heap before GC invocations=62 (full 0):
 garbage-first heap   total 115712K, used 53751K [0x0000000780000000, 0x0000000800000000)
  region size 1024K, 9 young (9216K), 1 survivors (1024K)
 Metaspace       used 23803K, capacity 24126K, committed 24752K, reserved 1071104K
  class space    used 2648K, capacity 2741K, committed 2816K, reserved 1048576K
}
Event: 7.974 GC heap after
{Heap after GC invocations=63 (full 0):
 garbage-first heap   total 115712K, used 29186K [0x0000000780000000, 0x0000000800000000)
  region size 1024K, 1 young (1024K), 1 survivors (1024K)
 Metaspace       used 23803K, capacity 24126K, committed 24752K, reserved 1071104K
  class space    used 2648K, capacity 2741K, committed 2816K, reserved 1048576K
}
Event: 8.130 GC heap before
{Heap before GC invocations=64 (full 0):
 garbage-first heap   total 115712K, used 54786K [0x0000000780000000, 0x0000000800000000)
  region size 1024K, 9 young (9216K), 1 survivors (1024K)
 Metaspace       used 23833K, capacity 24126K, committed 24752K, reserved 1071104K
  class space    used 2648K, capacity 2741K, committed 2816K, reserved 1048576K
}
Event: 8.131 GC heap after
{Heap after GC invocations=65 (full 0):
 garbage-first heap   total 115712K, used 29193K [0x0000000780000000, 0x0000000800000000)
  region size 1024K, 1 young (1024K), 1 survivors (1024K)
 Metaspace       used 23833K, capacity 24126K, committed 24752K, reserved 1071104K
  class space    used 2648K, capacity 2741K, committed 2816K, reserved 1048576K
}
Event: 8.262 GC heap before
{Heap before GC invocations=66 (full 0):
 garbage-first heap   total 115712K, used 52745K [0x0000000780000000, 0x0000000800000000)
  region size 1024K, 6 young (6144K), 1 survivors (1024K)
 Metaspace       used 23844K, capacity 24126K, committed 24752K, reserved 1071104K
  class space    used 2648K, capacity 2741K, committed 2816K, reserved 1048576K
}
Event: 8.263 GC heap after
{Heap after GC invocations=67 (full 0):
 garbage-first heap   total 115712K, used 29185K [0x0000000780000000, 0x0000000800000000)
  region size 1024K, 1 young (1024K), 1 survivors (1024K)
 Metaspace       used 23844K, capacity 24126K, committed 24752K, reserved 1071104K
  class space    used 2648K, capacity 2741K, committed 2816K, reserved 1048576K
}
Event: 8.395 GC heap before
{Heap before GC invocations=68 (full 0):
 garbage-first heap   total 115712K, used 53761K [0x0000000780000000, 0x0000000800000000)
  region size 1024K, 9 young (9216K), 1 survivors (1024K)
 Metaspace       used 23862K, capacity 24128K, committed 24752K, reserved 1071104K
  class space    used 2648K, capacity 2741K, committed 2816K, reserved 1048576K
}
Event: 8.396 GC heap after
{Heap after GC invocations=69 (full 0):
 garbage-first heap   total 115712K, used 29203K [0x0000000780000000, 0x0000000800000000)
  region size 1024K, 1 young (1024K), 1 survivors (1024K)
 Metaspace       used 23862K, capacity 24128K, committed 24752K, reserved 1071104K
  class space    used 2648K, capacity 2741K, committed 2816K, reserved 1048576K
}
Event: 8.458 GC heap before
{Heap before GC invocations=70 (full 0):
 garbage-first heap   total 115712K, used 39443K [0x0000000780000000, 0x0000000800000000)
  region size 1024K, 5 young (5120K), 1 survivors (1024K)
 Metaspace       used 23930K, capacity 24192K, committed 24752K, reserved 1071104K
  class space    used 2654K, capacity 2741K, committed 2816K, reserved 1048576K
}
Event: 8.459 GC heap after
{Heap after GC invocations=71 (full 0):
 garbage-first heap   total 115712K, used 28307K [0x0000000780000000, 0x0000000800000000)
  region size 1024K, 1 young (1024K), 1 survivors (1024K)
 Metaspace       used 23930K, capacity 24192K, committed 24752K, reserved 1071104K
  class space    used 2654K, capacity 2741K, committed 2816K, reserved 1048576K
}
Event: 8.566 GC heap before
{Heap before GC invocations=72 (full 0):
 garbage-first heap   total 158720K, used 98963K [0x0000000780000000, 0x0000000800000000)
  region size 1024K, 8 young (8192K), 1 survivors (1024K)
 Metaspace       used 24015K, capacity 24320K, committed 25008K, reserved 1071104K
  class space    used 2658K, capacity 2741K, committed 2816K, reserved 1048576K
}
Event: 8.567 GC heap after
{Heap after GC invocations=73 (full 0):
 garbage-first heap   total 158720K, used 78610K [0x0000000780000000, 0x0000000800000000)
  region size 1024K, 1 young (1024K), 1 survivors (1024K)
 Metaspace       used 24015K, capacity 24320K, committed 25008K, reserved 1071104K
  class space    used 2658K, capacity 2741K, committed 2816K, reserved 1048576K
}
Event: 8.713 GC heap before
{Heap before GC invocations=74 (full 0):
 garbage-first heap   total 158720K, used 89874K [0x0000000780000000, 0x0000000800000000)
  region size 1024K, 3 young (3072K), 1 survivors (1024K)
 Metaspace       used 24027K, capacity 24320K, committed 25008K, reserved 1071104K
  class space    used 2660K, capacity 2741K, committed 2816K, reserved 1048576K
}
Event: 8.714 GC heap after
{Heap after GC invocations=75 (full 0):
 garbage-first heap   total 158720K, used 78600K [0x0000000780000000, 0x0000000800000000)
  region size 1024K, 1 young (1024K), 1 survivors (1024K)
 Metaspace       used 24027K, capacity 24320K, committed 25008K, reserved 1071104K
  class space    used 2660K, capacity 2741K, committed 2816K, reserved 1048576K
}

