# JRE version: OpenJDK Runtime Environment AdoptOpenJDK (15.0.1+9) (build 15.0.1+9)
# Java VM: OpenJDK 64-Bit Server VM AdoptOpenJDK (15.0.1+9, mixed mode, sharing, tiered, compressed oops, g1 gc, bsd-amd64)
GC Precious Log:
 CPUs: 4 total, 4 available
 Memory: 8192M
 Large Page Support: Disabled
 NUMA Support: Disabled
 Compressed Oops: Enabled (Zero based)
 Heap Region Size: 1M
 Heap Min Capacity: 8M
 Heap Initial Capacity: 128M
 Heap Max Capacity: 2G
 Pre-touch: Disabled
 Parallel Workers: 4
 Concurrent Workers: 1
 Concurrent Refinement Workers: 4
 Periodic GC: Disabled
Heap:
 garbage-first heap   total 143360K, used 49304K [0x0000000780000000, 0x0000000800000000)
  region size 1024K, 6 young (6144K), 1 survivors (1024K)
 Metaspace       used 24994K, capacity 25269K, committed 25776K, reserved 1073152K
  class space    used 2692K, capacity 2777K, committed 2816K, reserved 1048576K
GC Heap History (20 events):
Event: 20.514 GC heap before
{Heap before GC invocations=298 (full 0):
 garbage-first heap   total 196608K, used 84084K [0x0000000780000000, 0x0000000800000000)
  region size 1024K, 3 young (3072K), 1 survivors (1024K)
 Metaspace       used 24895K, capacity 25205K, committed 25776K, reserved 1073152K
  class space    used 2690K, capacity 2777K, committed 2816K, reserved 1048576K
}
Event: 20.515 GC heap after
{Heap after GC invocations=299 (full 0):
 garbage-first heap   total 196608K, used 78959K [0x0000000780000000, 0x0000000800000000)
  region size 1024K, 1 young (1024K), 1 survivors (1024K)
 Metaspace       used 24895K, capacity 25205K, committed 25776K, reserved 1073152K
  class space    used 2690K, capacity 2777K, committed 2816K, reserved 1048576K
}
Event: 20.558 GC heap before
{Heap before GC invocations=300 (full 0):
 garbage-first heap   total 196608K, used 85103K [0x0000000780000000, 0x0000000800000000)
  region size 1024K, 5 young (5120K), 1 survivors (1024K)
 Metaspace       used 24896K, capacity 25205K, committed 25776K, reserved 1073152K
  class space    used 2690K, capacity 2777K, committed 2816K, reserved 1048576K
}
Event: 20.559 GC heap after
{Heap after GC invocations=301 (full 0):
 garbage-first heap   total 196608K, used 74875K [0x0000000780000000, 0x0000000800000000)
  region size 1024K, 1 young (1024K), 1 survivors (1024K)
 Metaspace       used 24896K, capacity 25205K, committed 25776K, reserved 1073152K
  class space    used 2690K, capacity 2777K, committed 2816K, reserved 1048576K
}
Event: 20.598 GC heap before
{Heap before GC invocations=302 (full 0):
 garbage-first heap   total 196608K, used 84091K [0x0000000780000000, 0x0000000800000000)
  region size 1024K, 3 young (3072K), 1 survivors (1024K)
 Metaspace       used 24896K, capacity 25205K, committed 25776K, reserved 1073152K
  class space    used 2690K, capacity 2777K, committed 2816K, reserved 1048576K
}
Event: 20.598 GC heap after
{Heap after GC invocations=303 (full 0):
 garbage-first heap   total 196608K, used 78966K [0x0000000780000000, 0x0000000800000000)
  region size 1024K, 1 young (1024K), 1 survivors (1024K)
 Metaspace       used 24896K, capacity 25205K, committed 25776K, reserved 1073152K
  class space    used 2690K, capacity 2777K, committed 2816K, reserved 1048576K
}
Event: 20.641 GC heap before
{Heap before GC invocations=304 (full 0):
 garbage-first heap   total 196608K, used 85110K [0x0000000780000000, 0x0000000800000000)
  region size 1024K, 5 young (5120K), 1 survivors (1024K)
 Metaspace       used 24896K, capacity 25205K, committed 25776K, reserved 1073152K
  class space    used 2690K, capacity 2777K, committed 2816K, reserved 1048576K
}
Event: 20.642 GC heap after
{Heap after GC invocations=305 (full 0):
 garbage-first heap   total 196608K, used 74877K [0x0000000780000000, 0x0000000800000000)
  region size 1024K, 1 young (1024K), 1 survivors (1024K)
 Metaspace       used 24896K, capacity 25205K, committed 25776K, reserved 1073152K
  class space    used 2690K, capacity 2777K, committed 2816K, reserved 1048576K
}
Event: 20.682 GC heap before
{Heap before GC invocations=306 (full 0):
 garbage-first heap   total 196608K, used 84093K [0x0000000780000000, 0x0000000800000000)
  region size 1024K, 3 young (3072K), 1 survivors (1024K)
 Metaspace       used 24901K, capacity 25205K, committed 25776K, reserved 1073152K
  class space    used 2690K, capacity 2777K, committed 2816K, reserved 1048576K
}
Event: 20.683 GC heap after
{Heap after GC invocations=307 (full 0):
 garbage-first heap   total 196608K, used 78967K [0x0000000780000000, 0x0000000800000000)
  region size 1024K, 1 young (1024K), 1 survivors (1024K)
 Metaspace       used 24901K, capacity 25205K, committed 25776K, reserved 1073152K
  class space    used 2690K, capacity 2777K, committed 2816K, reserved 1048576K
}
Event: 20.753 GC heap before
{Heap before GC invocations=308 (full 0):
 garbage-first heap   total 196608K, used 86135K [0x0000000780000000, 0x0000000800000000)
  region size 1024K, 6 young (6144K), 1 survivors (1024K)
 Metaspace       used 24918K, capacity 25205K, committed 25776K, reserved 1073152K
  class space    used 2690K, capacity 2777K, committed 2816K, reserved 1048576K
}
Event: 20.756 GC heap after
{Heap after GC invocations=309 (full 0):
 garbage-first heap   total 236544K, used 74880K [0x0000000780000000, 0x0000000800000000)
  region size 1024K, 1 young (1024K), 1 survivors (1024K)
 Metaspace       used 24918K, capacity 25205K, committed 25776K, reserved 1073152K
  class space    used 2690K, capacity 2777K, committed 2816K, reserved 1048576K
}
Event: 20.882 GC heap before
{Heap before GC invocations=310 (full 0):
 garbage-first heap   total 236544K, used 104576K [0x0000000780000000, 0x0000000800000000)
  region size 1024K, 9 young (9216K), 1 survivors (1024K)
 Metaspace       used 24925K, capacity 25205K, committed 25776K, reserved 1073152K
  class space    used 2690K, capacity 2777K, committed 2816K, reserved 1048576K
}
Event: 20.883 GC heap after
{Heap after GC invocations=311 (full 0):
 garbage-first heap   total 236544K, used 83079K [0x0000000780000000, 0x0000000800000000)
  region size 1024K, 1 young (1024K), 1 survivors (1024K)
 Metaspace       used 24925K, capacity 25205K, committed 25776K, reserved 1073152K
  class space    used 2690K, capacity 2777K, committed 2816K, reserved 1048576K
}
Event: 20.963 GC heap before
{Heap before GC invocations=312 (full 0):
 garbage-first heap   total 236544K, used 102535K [0x0000000780000000, 0x0000000800000000)
  region size 1024K, 6 young (6144K), 1 survivors (1024K)
 Metaspace       used 24928K, capacity 25205K, committed 25776K, reserved 1073152K
  class space    used 2690K, capacity 2777K, committed 2816K, reserved 1048576K
}
Event: 20.964 GC heap after
{Heap after GC invocations=313 (full 0):
 garbage-first heap   total 236544K, used 83077K [0x0000000780000000, 0x0000000800000000)
  region size 1024K, 1 young (1024K), 1 survivors (1024K)
 Metaspace       used 24928K, capacity 25205K, committed 25776K, reserved 1073152K
  class space    used 2690K, capacity 2777K, committed 2816K, reserved 1048576K
}
Event: 21.098 GC heap before
{Heap before GC invocations=314 (full 0):
 garbage-first heap   total 236544K, used 102533K [0x0000000780000000, 0x0000000800000000)
  region size 1024K, 6 young (6144K), 1 survivors (1024K)
 Metaspace       used 24934K, capacity 25205K, committed 25776K, reserved 1073152K
  class space    used 2690K, capacity 2777K, committed 2816K, reserved 1048576K
}
Event: 21.098 GC heap after
{Heap after GC invocations=315 (full 0):
 garbage-first heap   total 236544K, used 83077K [0x0000000780000000, 0x0000000800000000)
  region size 1024K, 1 young (1024K), 1 survivors (1024K)
 Metaspace       used 24934K, capacity 25205K, committed 25776K, reserved 1073152K
  class space    used 2690K, capacity 2777K, committed 2816K, reserved 1048576K
}
Event: 21.203 GC heap before
{Heap before GC invocations=316 (full 0):
 garbage-first heap   total 236544K, used 105605K [0x0000000780000000, 0x0000000800000000)
  region size 1024K, 10 young (10240K), 1 survivors (1024K)
 Metaspace       used 24978K, capacity 25269K, committed 25776K, reserved 1073152K
  class space    used 2690K, capacity 2777K, committed 2816K, reserved 1048576K
}
Event: 21.204 GC heap after
{Heap after GC invocations=317 (full 0):
 garbage-first heap   total 236544K, used 25752K [0x0000000780000000, 0x0000000800000000)
  region size 1024K, 1 young (1024K), 1 survivors (1024K)
 Metaspace       used 24978K, capacity 25269K, committed 25776K, reserved 1073152K
  class space    used 2690K, capacity 2777K, committed 2816K, reserved 1048576K
}

