# JRE version: OpenJDK Runtime Environment AdoptOpenJDK (15.0.1+9) (build 15.0.1+9)
# Java VM: OpenJDK 64-Bit Server VM AdoptOpenJDK (15.0.1+9, mixed mode, sharing, tiered, compressed oops, g1 gc, bsd-amd64)
GC Precious Log:
 CPUs: 4 total, 4 available
 Memory: 8192M
 Large Page Support: Disabled
 NUMA Support: Disabled
 Compressed Oops: Enabled (Zero based)
 Heap Region Size: 1M
 Heap Min Capacity: 8M
 Heap Initial Capacity: 128M
 Heap Max Capacity: 2G
 Pre-touch: Disabled
 Parallel Workers: 4
 Concurrent Workers: 1
 Concurrent Refinement Workers: 4
 Periodic GC: Disabled
Heap:
 garbage-first heap   total 142336K, used 82394K [0x0000000780000000, 0x0000000800000000)
  region size 1024K, 2 young (2048K), 1 survivors (1024K)
 Metaspace       used 23830K, capacity 24104K, committed 24752K, reserved 1071104K
  class space    used 2646K, capacity 2733K, committed 2816K, reserved 1048576K
GC Heap History (20 events):
Event: 6.136 GC heap before
{Heap before GC invocations=30 (full 0):
 garbage-first heap   total 70656K, used 29986K [0x0000000780000000, 0x0000000800000000)
  region size 1024K, 3 young (3072K), 1 survivors (1024K)
 Metaspace       used 23633K, capacity 23912K, committed 24496K, reserved 1071104K
  class space    used 2638K, capacity 2733K, committed 2816K, reserved 1048576K
}
Event: 6.138 GC heap after
{Heap after GC invocations=31 (full 0):
 garbage-first heap   total 70656K, used 24873K [0x0000000780000000, 0x0000000800000000)
  region size 1024K, 1 young (1024K), 1 survivors (1024K)
 Metaspace       used 23633K, capacity 23912K, committed 24496K, reserved 1071104K
  class space    used 2638K, capacity 2733K, committed 2816K, reserved 1048576K
}
Event: 6.184 GC heap before
{Heap before GC invocations=32 (full 0):
 garbage-first heap   total 70656K, used 31017K [0x0000000780000000, 0x0000000800000000)
  region size 1024K, 5 young (5120K), 1 survivors (1024K)
 Metaspace       used 23633K, capacity 23912K, committed 24496K, reserved 1071104K
  class space    used 2638K, capacity 2733K, committed 2816K, reserved 1048576K
}
Event: 6.189 GC heap after
{Heap after GC invocations=33 (full 0):
 garbage-first heap   total 84992K, used 20793K [0x0000000780000000, 0x0000000800000000)
  region size 1024K, 1 young (1024K), 1 survivors (1024K)
 Metaspace       used 23633K, capacity 23912K, committed 24496K, reserved 1071104K
  class space    used 2638K, capacity 2733K, committed 2816K, reserved 1048576K
}
Event: 6.265 GC heap before
{Heap before GC invocations=34 (full 0):
 garbage-first heap   total 84992K, used 40249K [0x0000000780000000, 0x0000000800000000)
  region size 1024K, 6 young (6144K), 1 survivors (1024K)
 Metaspace       used 23644K, capacity 23912K, committed 24496K, reserved 1071104K
  class space    used 2638K, capacity 2733K, committed 2816K, reserved 1048576K
}
Event: 6.267 GC heap after
{Heap after GC invocations=35 (full 0):
 garbage-first heap   total 84992K, used 29019K [0x0000000780000000, 0x0000000800000000)
  region size 1024K, 1 young (1024K), 1 survivors (1024K)
 Metaspace       used 23644K, capacity 23912K, committed 24496K, reserved 1071104K
  class space    used 2638K, capacity 2733K, committed 2816K, reserved 1048576K
}
Event: 6.342 GC heap before
{Heap before GC invocations=36 (full 0):
 garbage-first heap   total 84992K, used 39259K [0x0000000780000000, 0x0000000800000000)
  region size 1024K, 6 young (6144K), 1 survivors (1024K)
 Metaspace       used 23648K, capacity 23912K, committed 24496K, reserved 1071104K
  class space    used 2638K, capacity 2733K, committed 2816K, reserved 1048576K
}
Event: 6.343 GC heap after
{Heap after GC invocations=37 (full 0):
 garbage-first heap   total 84992K, used 24935K [0x0000000780000000, 0x0000000800000000)
  region size 1024K, 1 young (1024K), 1 survivors (1024K)
 Metaspace       used 23648K, capacity 23912K, committed 24496K, reserved 1071104K
  class space    used 2638K, capacity 2733K, committed 2816K, reserved 1048576K
}
Event: 6.426 GC heap before
{Heap before GC invocations=38 (full 0):
 garbage-first heap   total 84992K, used 39271K [0x0000000780000000, 0x0000000800000000)
  region size 1024K, 6 young (6144K), 1 survivors (1024K)
 Metaspace       used 23657K, capacity 23976K, committed 24496K, reserved 1071104K
  class space    used 2638K, capacity 2733K, committed 2816K, reserved 1048576K
}
Event: 6.427 GC heap after
{Heap after GC invocations=39 (full 0):
 garbage-first heap   total 84992K, used 24914K [0x0000000780000000, 0x0000000800000000)
  region size 1024K, 1 young (1024K), 1 survivors (1024K)
 Metaspace       used 23657K, capacity 23976K, committed 24496K, reserved 1071104K
  class space    used 2638K, capacity 2733K, committed 2816K, reserved 1048576K
}
Event: 6.498 GC heap before
{Heap before GC invocations=40 (full 0):
 garbage-first heap   total 84992K, used 39250K [0x0000000780000000, 0x0000000800000000)
  region size 1024K, 6 young (6144K), 1 survivors (1024K)
 Metaspace       used 23661K, capacity 23976K, committed 24496K, reserved 1071104K
  class space    used 2638K, capacity 2733K, committed 2816K, reserved 1048576K
}
Event: 6.499 GC heap after
{Heap after GC invocations=41 (full 0):
 garbage-first heap   total 112640K, used 24913K [0x0000000780000000, 0x0000000800000000)
  region size 1024K, 1 young (1024K), 1 survivors (1024K)
 Metaspace       used 23661K, capacity 23976K, committed 24496K, reserved 1071104K
  class space    used 2638K, capacity 2733K, committed 2816K, reserved 1048576K
}
Event: 6.669 GC heap before
{Heap before GC invocations=42 (full 0):
 garbage-first heap   total 112640K, used 54609K [0x0000000780000000, 0x0000000800000000)
  region size 1024K, 9 young (9216K), 1 survivors (1024K)
 Metaspace       used 23671K, capacity 23976K, committed 24496K, reserved 1071104K
  class space    used 2638K, capacity 2733K, committed 2816K, reserved 1048576K
}
Event: 6.670 GC heap after
{Heap after GC invocations=43 (full 0):
 garbage-first heap   total 112640K, used 29024K [0x0000000780000000, 0x0000000800000000)
  region size 1024K, 1 young (1024K), 1 survivors (1024K)
 Metaspace       used 23671K, capacity 23976K, committed 24496K, reserved 1071104K
  class space    used 2638K, capacity 2733K, committed 2816K, reserved 1048576K
}
Event: 6.802 GC heap before
{Heap before GC invocations=44 (full 0):
 garbage-first heap   total 112640K, used 52576K [0x0000000780000000, 0x0000000800000000)
  region size 1024K, 6 young (6144K), 1 survivors (1024K)
 Metaspace       used 23707K, capacity 24040K, committed 24496K, reserved 1071104K
  class space    used 2638K, capacity 2733K, committed 2816K, reserved 1048576K
}
Event: 6.803 GC heap after
{Heap after GC invocations=45 (full 0):
 garbage-first heap   total 112640K, used 29018K [0x0000000780000000, 0x0000000800000000)
  region size 1024K, 1 young (1024K), 1 survivors (1024K)
 Metaspace       used 23707K, capacity 24040K, committed 24496K, reserved 1071104K
  class space    used 2638K, capacity 2733K, committed 2816K, reserved 1048576K
}
Event: 6.913 GC heap before
{Heap before GC invocations=46 (full 0):
 garbage-first heap   total 112640K, used 54618K [0x0000000780000000, 0x0000000800000000)
  region size 1024K, 9 young (9216K), 1 survivors (1024K)
 Metaspace       used 23726K, capacity 24040K, committed 24496K, reserved 1071104K
  class space    used 2638K, capacity 2733K, committed 2816K, reserved 1048576K
}
Event: 6.913 GC heap after
{Heap after GC invocations=47 (full 0):
 garbage-first heap   total 112640K, used 29022K [0x0000000780000000, 0x0000000800000000)
  region size 1024K, 1 young (1024K), 1 survivors (1024K)
 Metaspace       used 23726K, capacity 24040K, committed 24496K, reserved 1071104K
  class space    used 2638K, capacity 2733K, committed 2816K, reserved 1048576K
}
Event: 7.869 GC heap before
{Heap before GC invocations=48 (full 0):
 garbage-first heap   total 112640K, used 48478K [0x0000000780000000, 0x0000000800000000)
  region size 1024K, 6 young (6144K), 1 survivors (1024K)
 Metaspace       used 23830K, capacity 24104K, committed 24752K, reserved 1071104K
  class space    used 2646K, capacity 2733K, committed 2816K, reserved 1048576K
}
Event: 7.870 GC heap after
{Heap after GC invocations=49 (full 0):
 garbage-first heap   total 112640K, used 29146K [0x0000000780000000, 0x0000000800000000)
  region size 1024K, 1 young (1024K), 1 survivors (1024K)
 Metaspace       used 23830K, capacity 24104K, committed 24752K, reserved 1071104K
  class space    used 2646K, capacity 2733K, committed 2816K, reserved 1048576K
}

