# JRE version: OpenJDK Runtime Environment AdoptOpenJDK (15.0.1+9) (build 15.0.1+9)
# Java VM: OpenJDK 64-Bit Server VM AdoptOpenJDK (15.0.1+9, mixed mode, sharing, tiered, compressed oops, g1 gc, bsd-amd64)
GC Precious Log:
 CPUs: 4 total, 4 available
 Memory: 8192M
 Large Page Support: Disabled
 NUMA Support: Disabled
 Compressed Oops: Enabled (Zero based)
 Heap Region Size: 1M
 Heap Min Capacity: 8M
 Heap Initial Capacity: 128M
 Heap Max Capacity: 2G
 Pre-touch: Disabled
 Parallel Workers: 4
 Concurrent Workers: 1
 Concurrent Refinement Workers: 4
 Periodic GC: Disabled
Heap:
 garbage-first heap   total 133120K, used 61972K [0x0000000780000000, 0x0000000800000000)
  region size 1024K, 10 young (10240K), 1 survivors (1024K)
 Metaspace       used 24626K, capacity 24878K, committed 25520K, reserved 1073152K
  class space    used 2707K, capacity 2777K, committed 2816K, reserved 1048576K
GC Heap History (20 events):
Event: 16.098 GC heap before
{Heap before GC invocations=204 (full 0):
 garbage-first heap   total 176128K, used 85499K [0x0000000780000000, 0x0000000800000000)
  region size 1024K, 3 young (3072K), 1 survivors (1024K)
 Metaspace       used 24561K, capacity 24878K, committed 25520K, reserved 1073152K
  class space    used 2705K, capacity 2777K, committed 2816K, reserved 1048576K
}
Event: 16.099 GC heap after
{Heap after GC invocations=205 (full 0):
 garbage-first heap   total 176128K, used 80370K [0x0000000780000000, 0x0000000800000000)
  region size 1024K, 1 young (1024K), 1 survivors (1024K)
 Metaspace       used 24561K, capacity 24878K, committed 25520K, reserved 1073152K
  class space    used 2705K, capacity 2777K, committed 2816K, reserved 1048576K
}
Event: 16.145 GC heap before
{Heap before GC invocations=206 (full 0):
 garbage-first heap   total 176128K, used 86514K [0x0000000780000000, 0x0000000800000000)
  region size 1024K, 5 young (5120K), 1 survivors (1024K)
 Metaspace       used 24561K, capacity 24878K, committed 25520K, reserved 1073152K
  class space    used 2705K, capacity 2777K, committed 2816K, reserved 1048576K
}
Event: 16.145 GC heap after
{Heap after GC invocations=207 (full 0):
 garbage-first heap   total 176128K, used 76287K [0x0000000780000000, 0x0000000800000000)
  region size 1024K, 1 young (1024K), 1 survivors (1024K)
 Metaspace       used 24561K, capacity 24878K, committed 25520K, reserved 1073152K
  class space    used 2705K, capacity 2777K, committed 2816K, reserved 1048576K
}
Event: 16.258 GC heap before
{Heap before GC invocations=208 (full 0):
 garbage-first heap   total 176128K, used 85503K [0x0000000780000000, 0x0000000800000000)
  region size 1024K, 3 young (3072K), 1 survivors (1024K)
 Metaspace       used 24576K, capacity 24878K, committed 25520K, reserved 1073152K
  class space    used 2705K, capacity 2777K, committed 2816K, reserved 1048576K
}
Event: 16.259 GC heap after
{Heap after GC invocations=209 (full 0):
 garbage-first heap   total 176128K, used 80380K [0x0000000780000000, 0x0000000800000000)
  region size 1024K, 1 young (1024K), 1 survivors (1024K)
 Metaspace       used 24576K, capacity 24878K, committed 25520K, reserved 1073152K
  class space    used 2705K, capacity 2777K, committed 2816K, reserved 1048576K
}
Event: 16.308 GC heap before
{Heap before GC invocations=210 (full 0):
 garbage-first heap   total 176128K, used 87548K [0x0000000780000000, 0x0000000800000000)
  region size 1024K, 6 young (6144K), 1 survivors (1024K)
 Metaspace       used 24590K, capacity 24878K, committed 25520K, reserved 1073152K
  class space    used 2705K, capacity 2777K, committed 2816K, reserved 1048576K
}
Event: 16.309 GC heap after
{Heap after GC invocations=211 (full 0):
 garbage-first heap   total 211968K, used 76294K [0x0000000780000000, 0x0000000800000000)
  region size 1024K, 1 young (1024K), 1 survivors (1024K)
 Metaspace       used 24590K, capacity 24878K, committed 25520K, reserved 1073152K
  class space    used 2705K, capacity 2777K, committed 2816K, reserved 1048576K
}
Event: 16.384 GC heap before
{Heap before GC invocations=212 (full 0):
 garbage-first heap   total 211968K, used 91654K [0x0000000780000000, 0x0000000800000000)
  region size 1024K, 6 young (6144K), 1 survivors (1024K)
 Metaspace       used 24592K, capacity 24878K, committed 25520K, reserved 1073152K
  class space    used 2705K, capacity 2777K, committed 2816K, reserved 1048576K
}
Event: 16.384 GC heap after
{Heap after GC invocations=213 (full 0):
 garbage-first heap   total 211968K, used 80396K [0x0000000780000000, 0x0000000800000000)
  region size 1024K, 1 young (1024K), 1 survivors (1024K)
 Metaspace       used 24592K, capacity 24878K, committed 25520K, reserved 1073152K
  class space    used 2705K, capacity 2777K, committed 2816K, reserved 1048576K
}
Event: 16.431 GC heap before
{Heap before GC invocations=214 (full 0):
 garbage-first heap   total 211968K, used 89612K [0x0000000780000000, 0x0000000800000000)
  region size 1024K, 3 young (3072K), 1 survivors (1024K)
 Metaspace       used 24593K, capacity 24878K, committed 25520K, reserved 1073152K
  class space    used 2705K, capacity 2777K, committed 2816K, reserved 1048576K
}
Event: 16.431 GC heap after
{Heap after GC invocations=215 (full 0):
 garbage-first heap   total 211968K, used 80383K [0x0000000780000000, 0x0000000800000000)
  region size 1024K, 1 young (1024K), 1 survivors (1024K)
 Metaspace       used 24593K, capacity 24878K, committed 25520K, reserved 1073152K
  class space    used 2705K, capacity 2777K, committed 2816K, reserved 1048576K
}
Event: 16.477 GC heap before
{Heap before GC invocations=216 (full 0):
 garbage-first heap   total 211968K, used 90623K [0x0000000780000000, 0x0000000800000000)
  region size 1024K, 5 young (5120K), 1 survivors (1024K)
 Metaspace       used 24593K, capacity 24878K, committed 25520K, reserved 1073152K
  class space    used 2705K, capacity 2777K, committed 2816K, reserved 1048576K
}
Event: 16.478 GC heap after
{Heap after GC invocations=217 (full 0):
 garbage-first heap   total 211968K, used 80395K [0x0000000780000000, 0x0000000800000000)
  region size 1024K, 1 young (1024K), 1 survivors (1024K)
 Metaspace       used 24593K, capacity 24878K, committed 25520K, reserved 1073152K
  class space    used 2705K, capacity 2777K, committed 2816K, reserved 1048576K
}
Event: 16.545 GC heap before
{Heap before GC invocations=218 (full 0):
 garbage-first heap   total 211968K, used 91659K [0x0000000780000000, 0x0000000800000000)
  region size 1024K, 6 young (6144K), 1 survivors (1024K)
 Metaspace       used 24594K, capacity 24878K, committed 25520K, reserved 1073152K
  class space    used 2705K, capacity 2777K, committed 2816K, reserved 1048576K
}
Event: 16.546 GC heap after
{Heap after GC invocations=219 (full 0):
 garbage-first heap   total 211968K, used 80400K [0x0000000780000000, 0x0000000800000000)
  region size 1024K, 1 young (1024K), 1 survivors (1024K)
 Metaspace       used 24594K, capacity 24878K, committed 25520K, reserved 1073152K
  class space    used 2705K, capacity 2777K, committed 2816K, reserved 1048576K
}
Event: 16.588 GC heap before
{Heap before GC invocations=220 (full 0):
 garbage-first heap   total 211968K, used 89616K [0x0000000780000000, 0x0000000800000000)
  region size 1024K, 3 young (3072K), 1 survivors (1024K)
 Metaspace       used 24594K, capacity 24878K, committed 25520K, reserved 1073152K
  class space    used 2705K, capacity 2777K, committed 2816K, reserved 1048576K
}
Event: 16.591 GC heap after
{Heap after GC invocations=221 (full 0):
 garbage-first heap   total 211968K, used 80392K [0x0000000780000000, 0x0000000800000000)
  region size 1024K, 1 young (1024K), 1 survivors (1024K)
 Metaspace       used 24594K, capacity 24878K, committed 25520K, reserved 1073152K
  class space    used 2705K, capacity 2777K, committed 2816K, reserved 1048576K
}
Event: 16.648 GC heap before
{Heap before GC invocations=222 (full 0):
 garbage-first heap   total 211968K, used 92680K [0x0000000780000000, 0x0000000800000000)
  region size 1024K, 7 young (7168K), 1 survivors (1024K)
 Metaspace       used 24601K, capacity 24878K, committed 25520K, reserved 1073152K
  class space    used 2705K, capacity 2777K, committed 2816K, reserved 1048576K
}
Event: 16.649 GC heap after
{Heap after GC invocations=223 (full 0):
 garbage-first heap   total 211968K, used 27156K [0x0000000780000000, 0x0000000800000000)
  region size 1024K, 1 young (1024K), 1 survivors (1024K)
 Metaspace       used 24601K, capacity 24878K, committed 25520K, reserved 1073152K
  class space    used 2705K, capacity 2777K, committed 2816K, reserved 1048576K
}

