# JRE version: OpenJDK Runtime Environment AdoptOpenJDK (15.0.1+9) (build 15.0.1+9)
# Java VM: OpenJDK 64-Bit Server VM AdoptOpenJDK (15.0.1+9, mixed mode, sharing, tiered, compressed oops, g1 gc, bsd-amd64)
GC Precious Log:
 CPUs: 4 total, 4 available
 Memory: 8192M
 Large Page Support: Disabled
 NUMA Support: Disabled
 Compressed Oops: Enabled (Zero based)
 Heap Region Size: 1M
 Heap Min Capacity: 8M
 Heap Initial Capacity: 128M
 Heap Max Capacity: 2G
 Pre-touch: Disabled
 Parallel Workers: 4
 Concurrent Workers: 1
 Concurrent Refinement Workers: 4
 Periodic GC: Disabled
Heap:
 garbage-first heap   total 198656K, used 117177K [0x0000000780000000, 0x0000000800000000)
  region size 1024K, 5 young (5120K), 1 survivors (1024K)
 Metaspace       used 25043K, capacity 25322K, committed 25728K, reserved 1073152K
  class space    used 2796K, capacity 2861K, committed 2944K, reserved 1048576K
GC Heap History (20 events):
Event: 29.126 GC heap before
{Heap before GC invocations=121 (full 0):
 garbage-first heap   total 130048K, used 61619K [0x0000000780000000, 0x0000000800000000)
  region size 1024K, 13 young (13312K), 1 survivors (1024K)
 Metaspace       used 24850K, capacity 25130K, committed 25472K, reserved 1071104K
  class space    used 2793K, capacity 2861K, committed 2944K, reserved 1048576K
}
Event: 29.129 GC heap after
{Heap after GC invocations=122 (full 0):
 garbage-first heap   total 130048K, used 29901K [0x0000000780000000, 0x0000000800000000)
  region size 1024K, 1 young (1024K), 1 survivors (1024K)
 Metaspace       used 24850K, capacity 25130K, committed 25472K, reserved 1071104K
  class space    used 2793K, capacity 2861K, committed 2944K, reserved 1048576K
}
Event: 29.427 GC heap before
{Heap before GC invocations=123 (full 0):
 garbage-first heap   total 130048K, used 39117K [0x0000000780000000, 0x0000000800000000)
  region size 1024K, 3 young (3072K), 1 survivors (1024K)
 Metaspace       used 24857K, capacity 25130K, committed 25472K, reserved 1071104K
  class space    used 2793K, capacity 2861K, committed 2944K, reserved 1048576K
}
Event: 29.428 GC heap after
{Heap after GC invocations=124 (full 0):
 garbage-first heap   total 130048K, used 25840K [0x0000000780000000, 0x0000000800000000)
  region size 1024K, 1 young (1024K), 1 survivors (1024K)
 Metaspace       used 24857K, capacity 25130K, committed 25472K, reserved 1071104K
  class space    used 2793K, capacity 2861K, committed 2944K, reserved 1048576K
}
Event: 29.536 GC heap before
{Heap before GC invocations=125 (full 0):
 garbage-first heap   total 147456K, used 79088K [0x0000000780000000, 0x0000000800000000)
  region size 1024K, 2 young (2048K), 1 survivors (1024K)
 Metaspace       used 24860K, capacity 25130K, committed 25472K, reserved 1071104K
  class space    used 2793K, capacity 2861K, committed 2944K, reserved 1048576K
}
Event: 29.537 GC heap after
{Heap after GC invocations=126 (full 0):
 garbage-first heap   total 147456K, used 74989K [0x0000000780000000, 0x0000000800000000)
  region size 1024K, 1 young (1024K), 1 survivors (1024K)
 Metaspace       used 24860K, capacity 25130K, committed 25472K, reserved 1071104K
  class space    used 2793K, capacity 2861K, committed 2944K, reserved 1048576K
}
Event: 29.598 GC heap before
{Heap before GC invocations=127 (full 0):
 garbage-first heap   total 147456K, used 81133K [0x0000000780000000, 0x0000000800000000)
  region size 1024K, 5 young (5120K), 1 survivors (1024K)
 Metaspace       used 24861K, capacity 25130K, committed 25472K, reserved 1071104K
  class space    used 2793K, capacity 2861K, committed 2944K, reserved 1048576K
}
Event: 29.599 GC heap after
{Heap after GC invocations=128 (full 0):
 garbage-first heap   total 147456K, used 75108K [0x0000000780000000, 0x0000000800000000)
  region size 1024K, 1 young (1024K), 1 survivors (1024K)
 Metaspace       used 24861K, capacity 25130K, committed 25472K, reserved 1071104K
  class space    used 2793K, capacity 2861K, committed 2944K, reserved 1048576K
}
Event: 29.996 GC heap before
{Heap before GC invocations=129 (full 0):
 garbage-first heap   total 153600K, used 84324K [0x0000000780000000, 0x0000000800000000)
  region size 1024K, 3 young (3072K), 1 survivors (1024K)
 Metaspace       used 24869K, capacity 25130K, committed 25472K, reserved 1071104K
  class space    used 2793K, capacity 2861K, committed 2944K, reserved 1048576K
}
Event: 29.997 GC heap after
{Heap after GC invocations=130 (full 0):
 garbage-first heap   total 153600K, used 79196K [0x0000000780000000, 0x0000000800000000)
  region size 1024K, 1 young (1024K), 1 survivors (1024K)
 Metaspace       used 24869K, capacity 25130K, committed 25472K, reserved 1071104K
  class space    used 2793K, capacity 2861K, committed 2944K, reserved 1048576K
}
Event: 30.051 GC heap before
{Heap before GC invocations=131 (full 0):
 garbage-first heap   total 153600K, used 85340K [0x0000000780000000, 0x0000000800000000)
  region size 1024K, 5 young (5120K), 1 survivors (1024K)
 Metaspace       used 24869K, capacity 25130K, committed 25472K, reserved 1071104K
  class space    used 2793K, capacity 2861K, committed 2944K, reserved 1048576K
}
Event: 30.052 GC heap after
{Heap after GC invocations=132 (full 0):
 garbage-first heap   total 153600K, used 75107K [0x0000000780000000, 0x0000000800000000)
  region size 1024K, 1 young (1024K), 1 survivors (1024K)
 Metaspace       used 24869K, capacity 25130K, committed 25472K, reserved 1071104K
  class space    used 2793K, capacity 2861K, committed 2944K, reserved 1048576K
}
Event: 30.415 GC heap before
{Heap before GC invocations=133 (full 0):
 garbage-first heap   total 153600K, used 84323K [0x0000000780000000, 0x0000000800000000)
  region size 1024K, 3 young (3072K), 1 survivors (1024K)
 Metaspace       used 24874K, capacity 25130K, committed 25472K, reserved 1071104K
  class space    used 2793K, capacity 2861K, committed 2944K, reserved 1048576K
}
Event: 30.418 GC heap after
{Heap after GC invocations=134 (full 0):
 garbage-first heap   total 153600K, used 79198K [0x0000000780000000, 0x0000000800000000)
  region size 1024K, 1 young (1024K), 1 survivors (1024K)
 Metaspace       used 24874K, capacity 25130K, committed 25472K, reserved 1071104K
  class space    used 2793K, capacity 2861K, committed 2944K, reserved 1048576K
}
Event: 30.475 GC heap before
{Heap before GC invocations=135 (full 0):
 garbage-first heap   total 155648K, used 85342K [0x0000000780000000, 0x0000000800000000)
  region size 1024K, 5 young (5120K), 1 survivors (1024K)
 Metaspace       used 24888K, capacity 25194K, committed 25728K, reserved 1073152K
  class space    used 2793K, capacity 2861K, committed 2944K, reserved 1048576K
}
Event: 30.476 GC heap after
{Heap after GC invocations=136 (full 0):
 garbage-first heap   total 155648K, used 75116K [0x0000000780000000, 0x0000000800000000)
  region size 1024K, 1 young (1024K), 1 survivors (1024K)
 Metaspace       used 24888K, capacity 25194K, committed 25728K, reserved 1073152K
  class space    used 2793K, capacity 2861K, committed 2944K, reserved 1048576K
}
Event: 30.906 GC heap before
{Heap before GC invocations=137 (full 0):
 garbage-first heap   total 157696K, used 84332K [0x0000000780000000, 0x0000000800000000)
  region size 1024K, 3 young (3072K), 1 survivors (1024K)
 Metaspace       used 24921K, capacity 25194K, committed 25728K, reserved 1073152K
  class space    used 2793K, capacity 2861K, committed 2944K, reserved 1048576K
}
Event: 30.907 GC heap after
{Heap after GC invocations=138 (full 0):
 garbage-first heap   total 157696K, used 25790K [0x0000000780000000, 0x0000000800000000)
  region size 1024K, 1 young (1024K), 1 survivors (1024K)
 Metaspace       used 24921K, capacity 25194K, committed 25728K, reserved 1073152K
  class space    used 2793K, capacity 2861K, committed 2944K, reserved 1048576K
}
Event: 33.916 GC heap before
{Heap before GC invocations=139 (full 0):
 garbage-first heap   total 197632K, used 188606K [0x0000000780000000, 0x0000000800000000)
  region size 1024K, 28 young (28672K), 1 survivors (1024K)
 Metaspace       used 24993K, capacity 25258K, committed 25728K, reserved 1073152K
  class space    used 2794K, capacity 2861K, committed 2944K, reserved 1048576K
}
Event: 33.917 GC heap after
{Heap after GC invocations=140 (full 0):
 garbage-first heap   total 198656K, used 106937K [0x0000000780000000, 0x0000000800000000)
  region size 1024K, 1 young (1024K), 1 survivors (1024K)
 Metaspace       used 24993K, capacity 25258K, committed 25728K, reserved 1073152K
  class space    used 2794K, capacity 2861K, committed 2944K, reserved 1048576K
}

