# JRE version: OpenJDK Runtime Environment AdoptOpenJDK (15.0.1+9) (build 15.0.1+9)
# Java VM: OpenJDK 64-Bit Server VM AdoptOpenJDK (15.0.1+9, mixed mode, sharing, tiered, compressed oops, g1 gc, bsd-amd64)
GC Precious Log:
 CPUs: 4 total, 4 available
 Memory: 8192M
 Large Page Support: Disabled
 NUMA Support: Disabled
 Compressed Oops: Enabled (Zero based)
 Heap Region Size: 1M
 Heap Min Capacity: 8M
 Heap Initial Capacity: 128M
 Heap Max Capacity: 2G
 Pre-touch: Disabled
 Parallel Workers: 4
 Concurrent Workers: 1
 Concurrent Refinement Workers: 4
 Periodic GC: Disabled
Heap:
 garbage-first heap   total 160768K, used 88774K [0x0000000780000000, 0x0000000800000000)
  region size 1024K, 3 young (3072K), 1 survivors (1024K)
 Metaspace       used 25538K, capacity 25845K, committed 26288K, reserved 1073152K
  class space    used 2689K, capacity 2777K, committed 2816K, reserved 1048576K
GC Heap History (20 events):
Event: 67.251 GC heap before
{Heap before GC invocations=1254 (full 0):
 garbage-first heap   total 221184K, used 94871K [0x0000000780000000, 0x0000000800000000)
  region size 1024K, 6 young (6144K), 1 survivors (1024K)
 Metaspace       used 25490K, capacity 25781K, committed 26288K, reserved 1073152K
  class space    used 2687K, capacity 2777K, committed 2816K, reserved 1048576K
}
Event: 67.251 GC heap after
{Heap after GC invocations=1255 (full 0):
 garbage-first heap   total 221184K, used 79511K [0x0000000780000000, 0x0000000800000000)
  region size 1024K, 1 young (1024K), 1 survivors (1024K)
 Metaspace       used 25490K, capacity 25781K, committed 26288K, reserved 1073152K
  class space    used 2687K, capacity 2777K, committed 2816K, reserved 1048576K
}
Event: 67.336 GC heap before
{Heap before GC invocations=1256 (full 0):
 garbage-first heap   total 221184K, used 94871K [0x0000000780000000, 0x0000000800000000)
  region size 1024K, 6 young (6144K), 1 survivors (1024K)
 Metaspace       used 25491K, capacity 25781K, committed 26288K, reserved 1073152K
  class space    used 2687K, capacity 2777K, committed 2816K, reserved 1048576K
}
Event: 67.338 GC heap after
{Heap after GC invocations=1257 (full 0):
 garbage-first heap   total 221184K, used 79512K [0x0000000780000000, 0x0000000800000000)
  region size 1024K, 1 young (1024K), 1 survivors (1024K)
 Metaspace       used 25491K, capacity 25781K, committed 26288K, reserved 1073152K
  class space    used 2687K, capacity 2777K, committed 2816K, reserved 1048576K
}
Event: 67.409 GC heap before
{Heap before GC invocations=1258 (full 0):
 garbage-first heap   total 221184K, used 94872K [0x0000000780000000, 0x0000000800000000)
  region size 1024K, 6 young (6144K), 1 survivors (1024K)
 Metaspace       used 25491K, capacity 25781K, committed 26288K, reserved 1073152K
  class space    used 2687K, capacity 2777K, committed 2816K, reserved 1048576K
}
Event: 67.410 GC heap after
{Heap after GC invocations=1259 (full 0):
 garbage-first heap   total 221184K, used 30359K [0x0000000780000000, 0x0000000800000000)
  region size 1024K, 1 young (1024K), 1 survivors (1024K)
 Metaspace       used 25491K, capacity 25781K, committed 26288K, reserved 1073152K
  class space    used 2687K, capacity 2777K, committed 2816K, reserved 1048576K
}
Event: 67.614 GC heap before
{Heap before GC invocations=1260 (full 0):
 garbage-first heap   total 143360K, used 66199K [0x0000000780000000, 0x0000000800000000)
  region size 1024K, 12 young (12288K), 1 survivors (1024K)
 Metaspace       used 25491K, capacity 25781K, committed 26288K, reserved 1073152K
  class space    used 2687K, capacity 2777K, committed 2816K, reserved 1048576K
}
Event: 67.615 GC heap after
{Heap after GC invocations=1261 (full 0):
 garbage-first heap   total 172032K, used 30376K [0x0000000780000000, 0x0000000800000000)
  region size 1024K, 1 young (1024K), 1 survivors (1024K)
 Metaspace       used 25491K, capacity 25781K, committed 26288K, reserved 1073152K
  class space    used 2687K, capacity 2777K, committed 2816K, reserved 1048576K
}
Event: 67.865 GC heap before
{Heap before GC invocations=1262 (full 0):
 garbage-first heap   total 160768K, used 74408K [0x0000000780000000, 0x0000000800000000)
  region size 1024K, 12 young (12288K), 1 survivors (1024K)
 Metaspace       used 25498K, capacity 25781K, committed 26288K, reserved 1073152K
  class space    used 2687K, capacity 2777K, committed 2816K, reserved 1048576K
}
Event: 67.866 GC heap after
{Heap after GC invocations=1263 (full 0):
 garbage-first heap   total 160768K, used 34481K [0x0000000780000000, 0x0000000800000000)
  region size 1024K, 1 young (1024K), 1 survivors (1024K)
 Metaspace       used 25498K, capacity 25781K, committed 26288K, reserved 1073152K
  class space    used 2687K, capacity 2777K, committed 2816K, reserved 1048576K
}
Event: 68.072 GC heap before
{Heap before GC invocations=1264 (full 0):
 garbage-first heap   total 160768K, used 72369K [0x0000000780000000, 0x0000000800000000)
  region size 1024K, 9 young (9216K), 1 survivors (1024K)
 Metaspace       used 25506K, capacity 25781K, committed 26288K, reserved 1073152K
  class space    used 2687K, capacity 2777K, committed 2816K, reserved 1048576K
}
Event: 68.073 GC heap after
{Heap after GC invocations=1265 (full 0):
 garbage-first heap   total 160768K, used 34470K [0x0000000780000000, 0x0000000800000000)
  region size 1024K, 1 young (1024K), 1 survivors (1024K)
 Metaspace       used 25506K, capacity 25781K, committed 26288K, reserved 1073152K
  class space    used 2687K, capacity 2777K, committed 2816K, reserved 1048576K
}
Event: 68.279 GC heap before
{Heap before GC invocations=1266 (full 0):
 garbage-first heap   total 157696K, used 74406K [0x0000000780000000, 0x0000000800000000)
  region size 1024K, 12 young (12288K), 1 survivors (1024K)
 Metaspace       used 25506K, capacity 25781K, committed 26288K, reserved 1073152K
  class space    used 2687K, capacity 2777K, committed 2816K, reserved 1048576K
}
Event: 68.279 GC heap after
{Heap after GC invocations=1267 (full 0):
 garbage-first heap   total 157696K, used 34480K [0x0000000780000000, 0x0000000800000000)
  region size 1024K, 1 young (1024K), 1 survivors (1024K)
 Metaspace       used 25506K, capacity 25781K, committed 26288K, reserved 1073152K
  class space    used 2687K, capacity 2777K, committed 2816K, reserved 1048576K
}
Event: 68.523 GC heap before
{Heap before GC invocations=1268 (full 0):
 garbage-first heap   total 157696K, used 74416K [0x0000000780000000, 0x0000000800000000)
  region size 1024K, 12 young (12288K), 1 survivors (1024K)
 Metaspace       used 25513K, capacity 25845K, committed 26288K, reserved 1073152K
  class space    used 2687K, capacity 2777K, committed 2816K, reserved 1048576K
}
Event: 68.524 GC heap after
{Heap after GC invocations=1269 (full 0):
 garbage-first heap   total 157696K, used 34484K [0x0000000780000000, 0x0000000800000000)
  region size 1024K, 1 young (1024K), 1 survivors (1024K)
 Metaspace       used 25513K, capacity 25845K, committed 26288K, reserved 1073152K
  class space    used 2687K, capacity 2777K, committed 2816K, reserved 1048576K
}
Event: 68.698 GC heap before
{Heap before GC invocations=1270 (full 0):
 garbage-first heap   total 157696K, used 68276K [0x0000000780000000, 0x0000000800000000)
  region size 1024K, 9 young (9216K), 1 survivors (1024K)
 Metaspace       used 25514K, capacity 25845K, committed 26288K, reserved 1073152K
  class space    used 2687K, capacity 2777K, committed 2816K, reserved 1048576K
}
Event: 68.699 GC heap after
{Heap after GC invocations=1271 (full 0):
 garbage-first heap   total 157696K, used 34448K [0x0000000780000000, 0x0000000800000000)
  region size 1024K, 1 young (1024K), 1 survivors (1024K)
 Metaspace       used 25514K, capacity 25845K, committed 26288K, reserved 1073152K
  class space    used 2687K, capacity 2777K, committed 2816K, reserved 1048576K
}
Event: 69.282 GC heap before
{Heap before GC invocations=1272 (full 0):
 garbage-first heap   total 157696K, used 68240K [0x0000000780000000, 0x0000000800000000)
  region size 1024K, 9 young (9216K), 1 survivors (1024K)
 Metaspace       used 25517K, capacity 25845K, committed 26288K, reserved 1073152K
  class space    used 2687K, capacity 2777K, committed 2816K, reserved 1048576K
}
Event: 69.283 GC heap after
{Heap after GC invocations=1273 (full 0):
 garbage-first heap   total 157696K, used 34502K [0x0000000780000000, 0x0000000800000000)
  region size 1024K, 1 young (1024K), 1 survivors (1024K)
 Metaspace       used 25517K, capacity 25845K, committed 26288K, reserved 1073152K
  class space    used 2687K, capacity 2777K, committed 2816K, reserved 1048576K
}

