# JRE version: OpenJDK Runtime Environment AdoptOpenJDK (15.0.1+9) (build 15.0.1+9)
# Java VM: OpenJDK 64-Bit Server VM AdoptOpenJDK (15.0.1+9, mixed mode, sharing, tiered, compressed oops, g1 gc, bsd-amd64)
GC Precious Log:
 CPUs: 4 total, 4 available
 Memory: 8192M
 Large Page Support: Disabled
 NUMA Support: Disabled
 Compressed Oops: Enabled (Zero based)
 Heap Region Size: 1M
 Heap Min Capacity: 8M
 Heap Initial Capacity: 128M
 Heap Max Capacity: 2G
 Pre-touch: Disabled
 Parallel Workers: 4
 Concurrent Workers: 1
 Concurrent Refinement Workers: 4
 Periodic GC: Disabled
Heap:
 garbage-first heap   total 143360K, used 53477K [0x0000000780000000, 0x0000000800000000)
  region size 1024K, 7 young (7168K), 1 survivors (1024K)
 Metaspace       used 24891K, capacity 25146K, committed 25728K, reserved 1073152K
  class space    used 2804K, capacity 2869K, committed 2944K, reserved 1048576K
GC Heap History (20 events):
Event: 8.031 GC heap before
{Heap before GC invocations=41 (full 0):
 garbage-first heap   total 181248K, used 87274K [0x0000000780000000, 0x0000000800000000)
  region size 1024K, 5 young (5120K), 1 survivors (1024K)
 Metaspace       used 24541K, capacity 24812K, committed 25216K, reserved 1071104K
  class space    used 2781K, capacity 2865K, committed 2944K, reserved 1048576K
}
Event: 8.038 GC heap after
{Heap after GC invocations=42 (full 0):
 garbage-first heap   total 181248K, used 77037K [0x0000000780000000, 0x0000000800000000)
  region size 1024K, 1 young (1024K), 1 survivors (1024K)
 Metaspace       used 24541K, capacity 24812K, committed 25216K, reserved 1071104K
  class space    used 2781K, capacity 2865K, committed 2944K, reserved 1048576K
}
Event: 8.456 GC heap before
{Heap before GC invocations=43 (full 0):
 garbage-first heap   total 181248K, used 86253K [0x0000000780000000, 0x0000000800000000)
  region size 1024K, 3 young (3072K), 1 survivors (1024K)
 Metaspace       used 24544K, capacity 24812K, committed 25216K, reserved 1071104K
  class space    used 2781K, capacity 2865K, committed 2944K, reserved 1048576K
}
Event: 8.457 GC heap after
{Heap after GC invocations=44 (full 0):
 garbage-first heap   total 181248K, used 81127K [0x0000000780000000, 0x0000000800000000)
  region size 1024K, 1 young (1024K), 1 survivors (1024K)
 Metaspace       used 24544K, capacity 24812K, committed 25216K, reserved 1071104K
  class space    used 2781K, capacity 2865K, committed 2944K, reserved 1048576K
}
Event: 8.536 GC heap before
{Heap before GC invocations=45 (full 0):
 garbage-first heap   total 181248K, used 87271K [0x0000000780000000, 0x0000000800000000)
  region size 1024K, 5 young (5120K), 1 survivors (1024K)
 Metaspace       used 24544K, capacity 24812K, committed 25216K, reserved 1071104K
  class space    used 2781K, capacity 2865K, committed 2944K, reserved 1048576K
}
Event: 8.542 GC heap after
{Heap after GC invocations=46 (full 0):
 garbage-first heap   total 181248K, used 77090K [0x0000000780000000, 0x0000000800000000)
  region size 1024K, 1 young (1024K), 1 survivors (1024K)
 Metaspace       used 24544K, capacity 24812K, committed 25216K, reserved 1071104K
  class space    used 2781K, capacity 2865K, committed 2944K, reserved 1048576K
}
Event: 8.942 GC heap before
{Heap before GC invocations=47 (full 0):
 garbage-first heap   total 181248K, used 86306K [0x0000000780000000, 0x0000000800000000)
  region size 1024K, 3 young (3072K), 1 survivors (1024K)
 Metaspace       used 24555K, capacity 24812K, committed 25216K, reserved 1071104K
  class space    used 2781K, capacity 2865K, committed 2944K, reserved 1048576K
}
Event: 8.943 GC heap after
{Heap after GC invocations=48 (full 0):
 garbage-first heap   total 235520K, used 81179K [0x0000000780000000, 0x0000000800000000)
  region size 1024K, 1 young (1024K), 1 survivors (1024K)
 Metaspace       used 24555K, capacity 24812K, committed 25216K, reserved 1071104K
  class space    used 2781K, capacity 2865K, committed 2944K, reserved 1048576K
}
Event: 9.518 GC heap before
{Heap before GC invocations=49 (full 0):
 garbage-first heap   total 235520K, used 111899K [0x0000000780000000, 0x0000000800000000)
  region size 1024K, 10 young (10240K), 1 survivors (1024K)
 Metaspace       used 24558K, capacity 24812K, committed 25216K, reserved 1071104K
  class space    used 2781K, capacity 2865K, committed 2944K, reserved 1048576K
}
Event: 9.519 GC heap after
{Heap after GC invocations=50 (full 0):
 garbage-first heap   total 235520K, used 83214K [0x0000000780000000, 0x0000000800000000)
  region size 1024K, 1 young (1024K), 1 survivors (1024K)
 Metaspace       used 24558K, capacity 24812K, committed 25216K, reserved 1071104K
  class space    used 2781K, capacity 2865K, committed 2944K, reserved 1048576K
}
Event: 9.796 GC heap before
{Heap before GC invocations=51 (full 0):
 garbage-first heap   total 235520K, used 108814K [0x0000000780000000, 0x0000000800000000)
  region size 1024K, 9 young (9216K), 1 survivors (1024K)
 Metaspace       used 24569K, capacity 24876K, committed 25472K, reserved 1071104K
  class space    used 2781K, capacity 2865K, committed 2944K, reserved 1048576K
}
Event: 9.797 GC heap after
{Heap after GC invocations=52 (full 0):
 garbage-first heap   total 235520K, used 83190K [0x0000000780000000, 0x0000000800000000)
  region size 1024K, 1 young (1024K), 1 survivors (1024K)
 Metaspace       used 24569K, capacity 24876K, committed 25472K, reserved 1071104K
  class space    used 2781K, capacity 2865K, committed 2944K, reserved 1048576K
}
Event: 10.958 GC heap before
{Heap before GC invocations=53 (full 0):
 garbage-first heap   total 235520K, used 110838K [0x0000000780000000, 0x0000000800000000)
  region size 1024K, 11 young (11264K), 1 survivors (1024K)
 Metaspace       used 24676K, capacity 24940K, committed 25472K, reserved 1071104K
  class space    used 2788K, capacity 2865K, committed 2944K, reserved 1048576K
}
Event: 10.960 GC heap after
{Heap after GC invocations=54 (full 0):
 garbage-first heap   total 235520K, used 83251K [0x0000000780000000, 0x0000000800000000)
  region size 1024K, 1 young (1024K), 1 survivors (1024K)
 Metaspace       used 24676K, capacity 24940K, committed 25472K, reserved 1071104K
  class space    used 2788K, capacity 2865K, committed 2944K, reserved 1048576K
}
Event: 11.689 GC heap before
{Heap before GC invocations=55 (full 0):
 garbage-first heap   total 235520K, used 106803K [0x0000000780000000, 0x0000000800000000)
  region size 1024K, 7 young (7168K), 1 survivors (1024K)
 Metaspace       used 24744K, capacity 24954K, committed 25472K, reserved 1071104K
  class space    used 2802K, capacity 2869K, committed 2944K, reserved 1048576K
}
Event: 11.691 GC heap after
{Heap after GC invocations=56 (full 0):
 garbage-first heap   total 235520K, used 29960K [0x0000000780000000, 0x0000000800000000)
  region size 1024K, 1 young (1024K), 1 survivors (1024K)
 Metaspace       used 24744K, capacity 24954K, committed 25472K, reserved 1071104K
  class space    used 2802K, capacity 2869K, committed 2944K, reserved 1048576K
}
Event: 12.373 GC heap before
{Heap before GC invocations=57 (full 0):
 garbage-first heap   total 235520K, used 109832K [0x0000000780000000, 0x0000000800000000)
  region size 1024K, 11 young (11264K), 1 survivors (1024K)
 Metaspace       used 24750K, capacity 25018K, committed 25472K, reserved 1071104K
  class space    used 2802K, capacity 2869K, committed 2944K, reserved 1048576K
}
Event: 12.375 GC heap after
{Heap after GC invocations=58 (full 0):
 garbage-first heap   total 235520K, used 83359K [0x0000000780000000, 0x0000000800000000)
  region size 1024K, 1 young (1024K), 1 survivors (1024K)
 Metaspace       used 24750K, capacity 25018K, committed 25472K, reserved 1071104K
  class space    used 2802K, capacity 2869K, committed 2944K, reserved 1048576K
}
Event: 13.256 GC heap before
{Heap before GC invocations=59 (full 0):
 garbage-first heap   total 235520K, used 109983K [0x0000000780000000, 0x0000000800000000)
  region size 1024K, 11 young (11264K), 1 survivors (1024K)
 Metaspace       used 24794K, capacity 25082K, committed 25472K, reserved 1071104K
  class space    used 2802K, capacity 2869K, committed 2944K, reserved 1048576K
}
Event: 13.258 GC heap after
{Heap after GC invocations=60 (full 0):
 garbage-first heap   total 235520K, used 29925K [0x0000000780000000, 0x0000000800000000)
  region size 1024K, 1 young (1024K), 1 survivors (1024K)
 Metaspace       used 24794K, capacity 25082K, committed 25472K, reserved 1071104K
  class space    used 2802K, capacity 2869K, committed 2944K, reserved 1048576K
}

