# JRE version: OpenJDK Runtime Environment AdoptOpenJDK (15.0.1+9) (build 15.0.1+9)
# Java VM: OpenJDK 64-Bit Server VM AdoptOpenJDK (15.0.1+9, mixed mode, sharing, tiered, compressed oops, g1 gc, bsd-amd64)
GC Precious Log:
 CPUs: 4 total, 4 available
 Memory: 8192M
 Large Page Support: Disabled
 NUMA Support: Disabled
 Compressed Oops: Enabled (Zero based)
 Heap Region Size: 1M
 Heap Min Capacity: 8M
 Heap Initial Capacity: 128M
 Heap Max Capacity: 2G
 Pre-touch: Disabled
 Parallel Workers: 4
 Concurrent Workers: 1
 Concurrent Refinement Workers: 4
 Periodic GC: Disabled
Heap:
 garbage-first heap   total 122880K, used 55482K [0x0000000780000000, 0x0000000800000000)
  region size 1024K, 10 young (10240K), 1 survivors (1024K)
 Metaspace       used 24845K, capacity 25146K, committed 25728K, reserved 1073152K
  class space    used 2803K, capacity 2869K, committed 2944K, reserved 1048576K
GC Heap History (20 events):
Event: 10.754 GC heap before
{Heap before GC invocations=41 (full 0):
 garbage-first heap   total 181248K, used 85115K [0x0000000780000000, 0x0000000800000000)
  region size 1024K, 5 young (5120K), 1 survivors (1024K)
 Metaspace       used 24578K, capacity 24876K, committed 25472K, reserved 1071104K
  class space    used 2787K, capacity 2865K, committed 2944K, reserved 1048576K
}
Event: 10.755 GC heap after
{Heap after GC invocations=42 (full 0):
 garbage-first heap   total 181248K, used 74874K [0x0000000780000000, 0x0000000800000000)
  region size 1024K, 1 young (1024K), 1 survivors (1024K)
 Metaspace       used 24578K, capacity 24876K, committed 25472K, reserved 1071104K
  class space    used 2787K, capacity 2865K, committed 2944K, reserved 1048576K
}
Event: 11.188 GC heap before
{Heap before GC invocations=43 (full 0):
 garbage-first heap   total 181248K, used 84090K [0x0000000780000000, 0x0000000800000000)
  region size 1024K, 3 young (3072K), 1 survivors (1024K)
 Metaspace       used 24594K, capacity 24876K, committed 25472K, reserved 1071104K
  class space    used 2787K, capacity 2865K, committed 2944K, reserved 1048576K
}
Event: 11.188 GC heap after
{Heap after GC invocations=44 (full 0):
 garbage-first heap   total 181248K, used 78974K [0x0000000780000000, 0x0000000800000000)
  region size 1024K, 1 young (1024K), 1 survivors (1024K)
 Metaspace       used 24594K, capacity 24876K, committed 25472K, reserved 1071104K
  class space    used 2787K, capacity 2865K, committed 2944K, reserved 1048576K
}
Event: 11.235 GC heap before
{Heap before GC invocations=45 (full 0):
 garbage-first heap   total 181248K, used 85118K [0x0000000780000000, 0x0000000800000000)
  region size 1024K, 6 young (6144K), 1 survivors (1024K)
 Metaspace       used 24594K, capacity 24876K, committed 25472K, reserved 1071104K
  class space    used 2787K, capacity 2865K, committed 2944K, reserved 1048576K
}
Event: 11.236 GC heap after
{Heap after GC invocations=46 (full 0):
 garbage-first heap   total 181248K, used 74883K [0x0000000780000000, 0x0000000800000000)
  region size 1024K, 1 young (1024K), 1 survivors (1024K)
 Metaspace       used 24594K, capacity 24876K, committed 25472K, reserved 1071104K
  class space    used 2787K, capacity 2865K, committed 2944K, reserved 1048576K
}
Event: 11.599 GC heap before
{Heap before GC invocations=47 (full 0):
 garbage-first heap   total 181248K, used 85123K [0x0000000780000000, 0x0000000800000000)
  region size 1024K, 4 young (4096K), 1 survivors (1024K)
 Metaspace       used 24655K, capacity 24890K, committed 25472K, reserved 1071104K
  class space    used 2801K, capacity 2869K, committed 2944K, reserved 1048576K
}
Event: 11.600 GC heap after
{Heap after GC invocations=48 (full 0):
 garbage-first heap   total 181248K, used 25770K [0x0000000780000000, 0x0000000800000000)
  region size 1024K, 1 young (1024K), 1 survivors (1024K)
 Metaspace       used 24655K, capacity 24890K, committed 25472K, reserved 1071104K
  class space    used 2801K, capacity 2869K, committed 2944K, reserved 1048576K
}
Event: 11.658 GC heap before
{Heap before GC invocations=49 (full 0):
 garbage-first heap   total 116736K, used 86186K [0x0000000780000000, 0x0000000800000000)
  region size 1024K, 6 young (6144K), 1 survivors (1024K)
 Metaspace       used 24656K, capacity 24890K, committed 25472K, reserved 1071104K
  class space    used 2801K, capacity 2869K, committed 2944K, reserved 1048576K
}
Event: 11.659 GC heap after
{Heap after GC invocations=50 (full 0):
 garbage-first heap   total 116736K, used 75121K [0x0000000780000000, 0x0000000800000000)
  region size 1024K, 1 young (1024K), 1 survivors (1024K)
 Metaspace       used 24656K, capacity 24890K, committed 25472K, reserved 1071104K
  class space    used 2801K, capacity 2869K, committed 2944K, reserved 1048576K
}
Event: 12.019 GC heap before
{Heap before GC invocations=51 (full 0):
 garbage-first heap   total 147456K, used 83313K [0x0000000780000000, 0x0000000800000000)
  region size 1024K, 2 young (2048K), 1 survivors (1024K)
 Metaspace       used 24669K, capacity 24890K, committed 25472K, reserved 1071104K
  class space    used 2801K, capacity 2869K, committed 2944K, reserved 1048576K
}
Event: 12.020 GC heap after
{Heap after GC invocations=52 (full 0):
 garbage-first heap   total 147456K, used 79218K [0x0000000780000000, 0x0000000800000000)
  region size 1024K, 1 young (1024K), 1 survivors (1024K)
 Metaspace       used 24669K, capacity 24890K, committed 25472K, reserved 1071104K
  class space    used 2801K, capacity 2869K, committed 2944K, reserved 1048576K
}
Event: 12.086 GC heap before
{Heap before GC invocations=53 (full 0):
 garbage-first heap   total 147456K, used 85362K [0x0000000780000000, 0x0000000800000000)
  region size 1024K, 5 young (5120K), 1 survivors (1024K)
 Metaspace       used 24670K, capacity 24890K, committed 25472K, reserved 1071104K
  class space    used 2801K, capacity 2869K, committed 2944K, reserved 1048576K
}
Event: 12.089 GC heap after
{Heap after GC invocations=54 (full 0):
 garbage-first heap   total 147456K, used 75137K [0x0000000780000000, 0x0000000800000000)
  region size 1024K, 1 young (1024K), 1 survivors (1024K)
 Metaspace       used 24670K, capacity 24890K, committed 25472K, reserved 1071104K
  class space    used 2801K, capacity 2869K, committed 2944K, reserved 1048576K
}
Event: 12.526 GC heap before
{Heap before GC invocations=55 (full 0):
 garbage-first heap   total 148480K, used 84353K [0x0000000780000000, 0x0000000800000000)
  region size 1024K, 3 young (3072K), 1 survivors (1024K)
 Metaspace       used 24677K, capacity 24890K, committed 25472K, reserved 1071104K
  class space    used 2801K, capacity 2869K, committed 2944K, reserved 1048576K
}
Event: 12.527 GC heap after
{Heap after GC invocations=56 (full 0):
 garbage-first heap   total 148480K, used 79220K [0x0000000780000000, 0x0000000800000000)
  region size 1024K, 1 young (1024K), 1 survivors (1024K)
 Metaspace       used 24677K, capacity 24890K, committed 25472K, reserved 1071104K
  class space    used 2801K, capacity 2869K, committed 2944K, reserved 1048576K
}
Event: 12.581 GC heap before
{Heap before GC invocations=57 (full 0):
 garbage-first heap   total 148480K, used 85364K [0x0000000780000000, 0x0000000800000000)
  region size 1024K, 6 young (6144K), 1 survivors (1024K)
 Metaspace       used 24680K, capacity 24890K, committed 25472K, reserved 1071104K
  class space    used 2801K, capacity 2869K, committed 2944K, reserved 1048576K
}
Event: 12.584 GC heap after
{Heap after GC invocations=58 (full 0):
 garbage-first heap   total 148480K, used 75136K [0x0000000780000000, 0x0000000800000000)
  region size 1024K, 1 young (1024K), 1 survivors (1024K)
 Metaspace       used 24680K, capacity 24890K, committed 25472K, reserved 1071104K
  class space    used 2801K, capacity 2869K, committed 2944K, reserved 1048576K
}
Event: 13.018 GC heap before
{Heap before GC invocations=59 (full 0):
 garbage-first heap   total 150528K, used 84352K [0x0000000780000000, 0x0000000800000000)
  region size 1024K, 3 young (3072K), 1 survivors (1024K)
 Metaspace       used 24688K, capacity 24954K, committed 25472K, reserved 1071104K
  class space    used 2801K, capacity 2869K, committed 2944K, reserved 1048576K
}
Event: 13.019 GC heap after
{Heap after GC invocations=60 (full 0):
 garbage-first heap   total 150528K, used 25786K [0x0000000780000000, 0x0000000800000000)
  region size 1024K, 1 young (1024K), 1 survivors (1024K)
 Metaspace       used 24688K, capacity 24954K, committed 25472K, reserved 1071104K
  class space    used 2801K, capacity 2869K, committed 2944K, reserved 1048576K
}

